2018-04-08 16:27:01.652  INFO 5188 --- [main] com.manjushira.DaoTests                          : Starting DaoTests on BF-20180326WPLO with PID 5188 (started by Administrator in D:\tempspace\manju-platform\map-admin-web)
2018-04-08 16:27:01.680 DEBUG 5188 --- [main] com.manjushira.DaoTests                          : Running with Spring Boot v1.5.10.RELEASE, Spring v4.3.14.RELEASE
2018-04-08 16:27:01.680  INFO 5188 --- [main] com.manjushira.DaoTests                          : The following profiles are active: dev
2018-04-08 16:27:01.857  INFO 5188 --- [main] o.s.w.c.s.GenericWebApplicationContext   : Refreshing org.springframework.web.context.support.GenericWebApplicationContext@73eb439a: startup date [Sun Apr 08 16:27:01 CST 2018]; root of context hierarchy
2018-04-08 16:27:02.817  INFO 5188 --- [main] trationDelegate$BeanPostProcessorChecker : Bean 'shiroConfig' of type [com.manjushira.config.ShiroConfig$$EnhancerBySpringCGLIB$$740e2ef6] is not eligible for getting processed by all BeanPostProcessors (for example: not eligible for auto-proxying)
2018-04-08 16:27:02.826  INFO 5188 --- [main] trationDelegate$BeanPostProcessorChecker : Bean 'org.springframework.transaction.annotation.ProxyTransactionManagementConfiguration' of type [org.springframework.transaction.annotation.ProxyTransactionManagementConfiguration$$EnhancerBySpringCGLIB$$6495687a] is not eligible for getting processed by all BeanPostProcessors (for example: not eligible for auto-proxying)
2018-04-08 16:27:03.099  INFO 5188 --- [main] trationDelegate$BeanPostProcessorChecker : Bean 'hashedCredentialsMatcher' of type [org.apache.shiro.authc.credential.HashedCredentialsMatcher] is not eligible for getting processed by all BeanPostProcessors (for example: not eligible for auto-proxying)
2018-04-08 16:27:03.338  INFO 5188 --- [main] trationDelegate$BeanPostProcessorChecker : Bean 'mybatis-plus-com.baomidou.mybatisplus.spring.boot.starter.MybatisPlusProperties' of type [com.baomidou.mybatisplus.spring.boot.starter.MybatisPlusProperties] is not eligible for getting processed by all BeanPostProcessors (for example: not eligible for auto-proxying)
2018-04-08 16:27:03.362  INFO 5188 --- [main] trationDelegate$BeanPostProcessorChecker : Bean 'druidProperties' of type [com.manjushira.config.properties.DruidProperties] is not eligible for getting processed by all BeanPostProcessors (for example: not eligible for auto-proxying)
2018-04-08 16:27:03.364  INFO 5188 --- [main] trationDelegate$BeanPostProcessorChecker : Bean 'mybatisPlusConfig' of type [com.manjushira.config.MybatisPlusConfig$$EnhancerBySpringCGLIB$$45a4de92] is not eligible for getting processed by all BeanPostProcessors (for example: not eligible for auto-proxying)
2018-04-08 16:27:03.376  INFO 5188 --- [main] trationDelegate$BeanPostProcessorChecker : Bean 'paginationInterceptor' of type [com.baomidou.mybatisplus.plugins.PaginationInterceptor] is not eligible for getting processed by all BeanPostProcessors (for example: not eligible for auto-proxying)
2018-04-08 16:27:03.389  INFO 5188 --- [main] trationDelegate$BeanPostProcessorChecker : Bean 'com.baomidou.mybatisplus.spring.boot.starter.MybatisPlusAutoConfiguration' of type [com.baomidou.mybatisplus.spring.boot.starter.MybatisPlusAutoConfiguration$$EnhancerBySpringCGLIB$$b23506d7] is not eligible for getting processed by all BeanPostProcessors (for example: not eligible for auto-proxying)
2018-04-08 16:27:03.448  INFO 5188 --- [main] trationDelegate$BeanPostProcessorChecker : Bean 'singleDatasource' of type [com.alibaba.druid.pool.DruidDataSource] is not eligible for getting processed by all BeanPostProcessors (for example: not eligible for auto-proxying)
2018-04-08 16:27:03.455  INFO 5188 --- [main] trationDelegate$BeanPostProcessorChecker : Bean 'org.springframework.boot.autoconfigure.jdbc.DataSourceAutoConfiguration' of type [org.springframework.boot.autoconfigure.jdbc.DataSourceAutoConfiguration$$EnhancerBySpringCGLIB$$46890bda] is not eligible for getting processed by all BeanPostProcessors (for example: not eligible for auto-proxying)
2018-04-08 16:27:03.471  INFO 5188 --- [main] trationDelegate$BeanPostProcessorChecker : Bean 'spring.datasource-org.springframework.boot.autoconfigure.jdbc.DataSourceProperties' of type [org.springframework.boot.autoconfigure.jdbc.DataSourceProperties] is not eligible for getting processed by all BeanPostProcessors (for example: not eligible for auto-proxying)
2018-04-08 16:27:03.481  INFO 5188 --- [main] trationDelegate$BeanPostProcessorChecker : Bean 'dataSourceInitializer' of type [org.springframework.boot.autoconfigure.jdbc.DataSourceInitializer] is not eligible for getting processed by all BeanPostProcessors (for example: not eligible for auto-proxying)
2018-04-08 16:27:04.220  INFO 5188 --- [main] com.alibaba.druid.pool.DruidDataSource   : {dataSource-1} inited
2018-04-08 16:27:04.234  INFO 5188 --- [main] trationDelegate$BeanPostProcessorChecker : Bean 'sqlSessionFactory' of type [org.apache.ibatis.session.defaults.DefaultSqlSessionFactory] is not eligible for getting processed by all BeanPostProcessors (for example: not eligible for auto-proxying)
2018-04-08 16:27:04.239  INFO 5188 --- [main] trationDelegate$BeanPostProcessorChecker : Bean 'sqlSessionTemplate' of type [org.mybatis.spring.SqlSessionTemplate] is not eligible for getting processed by all BeanPostProcessors (for example: not eligible for auto-proxying)
2018-04-08 16:27:04.350  INFO 5188 --- [main] trationDelegate$BeanPostProcessorChecker : Bean 'userMapper' of type [org.mybatis.spring.mapper.MapperFactoryBean] is not eligible for getting processed by all BeanPostProcessors (for example: not eligible for auto-proxying)
2018-04-08 16:27:04.353  INFO 5188 --- [main] trationDelegate$BeanPostProcessorChecker : Bean 'userMapper' of type [com.sun.proxy.$Proxy75] is not eligible for getting processed by all BeanPostProcessors (for example: not eligible for auto-proxying)
2018-04-08 16:27:04.354  INFO 5188 --- [main] trationDelegate$BeanPostProcessorChecker : Bean 'userServiceImpl' of type [com.manjushira.service.impl.UserServiceImpl] is not eligible for getting processed by all BeanPostProcessors (for example: not eligible for auto-proxying)
2018-04-08 16:27:04.354  INFO 5188 --- [main] trationDelegate$BeanPostProcessorChecker : Bean 'myShiroRealm' of type [kits.MyShiroRealm] is not eligible for getting processed by all BeanPostProcessors (for example: not eligible for auto-proxying)
2018-04-08 16:27:04.360  INFO 5188 --- [main] trationDelegate$BeanPostProcessorChecker : Bean 'ehCacheManager' of type [org.apache.shiro.cache.ehcache.EhCacheManager] is not eligible for getting processed by all BeanPostProcessors (for example: not eligible for auto-proxying)
2018-04-08 16:27:04.472  INFO 5188 --- [main] o.a.shiro.cache.ehcache.EhCacheManager   : Cache with name 'kits.MyShiroRealm.authorizationCache' does not yet exist.  Creating now.
2018-04-08 16:27:04.476  INFO 5188 --- [main] o.a.shiro.cache.ehcache.EhCacheManager   : Added EhCache named [kits.MyShiroRealm.authorizationCache]
2018-04-08 16:27:04.481  INFO 5188 --- [main] trationDelegate$BeanPostProcessorChecker : Bean 'rememberMeCookie' of type [org.apache.shiro.web.servlet.SimpleCookie] is not eligible for getting processed by all BeanPostProcessors (for example: not eligible for auto-proxying)
2018-04-08 16:27:04.486  INFO 5188 --- [main] trationDelegate$BeanPostProcessorChecker : Bean 'rememberMeManager' of type [org.apache.shiro.web.mgt.CookieRememberMeManager] is not eligible for getting processed by all BeanPostProcessors (for example: not eligible for auto-proxying)
2018-04-08 16:27:04.498  INFO 5188 --- [main] trationDelegate$BeanPostProcessorChecker : Bean 'securityManager' of type [org.apache.shiro.web.mgt.DefaultWebSecurityManager] is not eligible for getting processed by all BeanPostProcessors (for example: not eligible for auto-proxying)
2018-04-08 16:27:06.083  INFO 5188 --- [main] com.manjushira.DaoTests                          : Started DaoTests in 4.87 seconds (JVM running for 5.718)
2018-04-08 16:27:06.179  INFO 5188 --- [Thread-4] o.s.w.c.s.GenericWebApplicationContext   : Closing org.springframework.web.context.support.GenericWebApplicationContext@73eb439a: startup date [Sun Apr 08 16:27:01 CST 2018]; root of context hierarchy
2018-04-08 16:27:06.199  INFO 5188 --- [Thread-4] com.alibaba.druid.pool.DruidDataSource   : {dataSource-1} closed
2018-04-08 16:37:13.894  INFO 6072 --- [main] com.manjushira.DaoTests                          : Starting DaoTests on BF-20180326WPLO with PID 6072 (started by Administrator in D:\tempspace\manju-platform\map-admin-web)
2018-04-08 16:37:13.897 DEBUG 6072 --- [main] com.manjushira.DaoTests                          : Running with Spring Boot v1.5.10.RELEASE, Spring v4.3.14.RELEASE
2018-04-08 16:37:13.897  INFO 6072 --- [main] com.manjushira.DaoTests                          : The following profiles are active: dev
2018-04-08 16:37:14.102  INFO 6072 --- [main] o.s.w.c.s.GenericWebApplicationContext   : Refreshing org.springframework.web.context.support.GenericWebApplicationContext@73eb439a: startup date [Sun Apr 08 16:37:14 CST 2018]; root of context hierarchy
2018-04-08 16:37:15.071  INFO 6072 --- [main] trationDelegate$BeanPostProcessorChecker : Bean 'shiroConfig' of type [com.manjushira.config.ShiroConfig$$EnhancerBySpringCGLIB$$2531e092] is not eligible for getting processed by all BeanPostProcessors (for example: not eligible for auto-proxying)
2018-04-08 16:37:15.083  INFO 6072 --- [main] trationDelegate$BeanPostProcessorChecker : Bean 'org.springframework.transaction.annotation.ProxyTransactionManagementConfiguration' of type [org.springframework.transaction.annotation.ProxyTransactionManagementConfiguration$$EnhancerBySpringCGLIB$$15b91a16] is not eligible for getting processed by all BeanPostProcessors (for example: not eligible for auto-proxying)
2018-04-08 16:37:15.352  INFO 6072 --- [main] trationDelegate$BeanPostProcessorChecker : Bean 'hashedCredentialsMatcher' of type [org.apache.shiro.authc.credential.HashedCredentialsMatcher] is not eligible for getting processed by all BeanPostProcessors (for example: not eligible for auto-proxying)
2018-04-08 16:37:15.570  INFO 6072 --- [main] trationDelegate$BeanPostProcessorChecker : Bean 'mybatis-plus-com.baomidou.mybatisplus.spring.boot.starter.MybatisPlusProperties' of type [com.baomidou.mybatisplus.spring.boot.starter.MybatisPlusProperties] is not eligible for getting processed by all BeanPostProcessors (for example: not eligible for auto-proxying)
2018-04-08 16:37:15.599  INFO 6072 --- [main] trationDelegate$BeanPostProcessorChecker : Bean 'druidProperties' of type [com.manjushira.config.properties.DruidProperties] is not eligible for getting processed by all BeanPostProcessors (for example: not eligible for auto-proxying)
2018-04-08 16:37:15.601  INFO 6072 --- [main] trationDelegate$BeanPostProcessorChecker : Bean 'mybatisPlusConfig' of type [com.manjushira.config.MybatisPlusConfig$$EnhancerBySpringCGLIB$$f6c8902e] is not eligible for getting processed by all BeanPostProcessors (for example: not eligible for auto-proxying)
2018-04-08 16:37:15.615  INFO 6072 --- [main] trationDelegate$BeanPostProcessorChecker : Bean 'paginationInterceptor' of type [com.baomidou.mybatisplus.plugins.PaginationInterceptor] is not eligible for getting processed by all BeanPostProcessors (for example: not eligible for auto-proxying)
2018-04-08 16:37:15.629  INFO 6072 --- [main] trationDelegate$BeanPostProcessorChecker : Bean 'com.baomidou.mybatisplus.spring.boot.starter.MybatisPlusAutoConfiguration' of type [com.baomidou.mybatisplus.spring.boot.starter.MybatisPlusAutoConfiguration$$EnhancerBySpringCGLIB$$6358b873] is not eligible for getting processed by all BeanPostProcessors (for example: not eligible for auto-proxying)
2018-04-08 16:37:15.687  INFO 6072 --- [main] trationDelegate$BeanPostProcessorChecker : Bean 'singleDatasource' of type [com.alibaba.druid.pool.DruidDataSource] is not eligible for getting processed by all BeanPostProcessors (for example: not eligible for auto-proxying)
2018-04-08 16:37:15.696  INFO 6072 --- [main] trationDelegate$BeanPostProcessorChecker : Bean 'org.springframework.boot.autoconfigure.jdbc.DataSourceAutoConfiguration' of type [org.springframework.boot.autoconfigure.jdbc.DataSourceAutoConfiguration$$EnhancerBySpringCGLIB$$f7acbd76] is not eligible for getting processed by all BeanPostProcessors (for example: not eligible for auto-proxying)
2018-04-08 16:37:15.714  INFO 6072 --- [main] trationDelegate$BeanPostProcessorChecker : Bean 'spring.datasource-org.springframework.boot.autoconfigure.jdbc.DataSourceProperties' of type [org.springframework.boot.autoconfigure.jdbc.DataSourceProperties] is not eligible for getting processed by all BeanPostProcessors (for example: not eligible for auto-proxying)
2018-04-08 16:37:15.727  INFO 6072 --- [main] trationDelegate$BeanPostProcessorChecker : Bean 'dataSourceInitializer' of type [org.springframework.boot.autoconfigure.jdbc.DataSourceInitializer] is not eligible for getting processed by all BeanPostProcessors (for example: not eligible for auto-proxying)
2018-04-08 16:37:16.306  INFO 6072 --- [main] com.alibaba.druid.pool.DruidDataSource   : {dataSource-1} inited
2018-04-08 16:37:16.642  INFO 6072 --- [main] trationDelegate$BeanPostProcessorChecker : Bean 'sqlSessionFactory' of type [org.apache.ibatis.session.defaults.DefaultSqlSessionFactory] is not eligible for getting processed by all BeanPostProcessors (for example: not eligible for auto-proxying)
2018-04-08 16:37:16.648  INFO 6072 --- [main] trationDelegate$BeanPostProcessorChecker : Bean 'sqlSessionTemplate' of type [org.mybatis.spring.SqlSessionTemplate] is not eligible for getting processed by all BeanPostProcessors (for example: not eligible for auto-proxying)
2018-04-08 16:37:16.649  INFO 6072 --- [main] trationDelegate$BeanPostProcessorChecker : Bean 'userMapper' of type [org.mybatis.spring.mapper.MapperFactoryBean] is not eligible for getting processed by all BeanPostProcessors (for example: not eligible for auto-proxying)
2018-04-08 16:37:16.653  INFO 6072 --- [main] trationDelegate$BeanPostProcessorChecker : Bean 'userMapper' of type [com.sun.proxy.$Proxy75] is not eligible for getting processed by all BeanPostProcessors (for example: not eligible for auto-proxying)
2018-04-08 16:37:16.654  INFO 6072 --- [main] trationDelegate$BeanPostProcessorChecker : Bean 'userServiceImpl' of type [com.manjushira.service.impl.UserServiceImpl] is not eligible for getting processed by all BeanPostProcessors (for example: not eligible for auto-proxying)
2018-04-08 16:37:16.655  INFO 6072 --- [main] trationDelegate$BeanPostProcessorChecker : Bean 'myShiroRealm' of type [kits.MyShiroRealm] is not eligible for getting processed by all BeanPostProcessors (for example: not eligible for auto-proxying)
2018-04-08 16:37:16.664  INFO 6072 --- [main] trationDelegate$BeanPostProcessorChecker : Bean 'ehCacheManager' of type [org.apache.shiro.cache.ehcache.EhCacheManager] is not eligible for getting processed by all BeanPostProcessors (for example: not eligible for auto-proxying)
2018-04-08 16:37:16.777  INFO 6072 --- [main] o.a.shiro.cache.ehcache.EhCacheManager   : Cache with name 'kits.MyShiroRealm.authorizationCache' does not yet exist.  Creating now.
2018-04-08 16:37:16.780  INFO 6072 --- [main] o.a.shiro.cache.ehcache.EhCacheManager   : Added EhCache named [kits.MyShiroRealm.authorizationCache]
2018-04-08 16:37:16.784  INFO 6072 --- [main] trationDelegate$BeanPostProcessorChecker : Bean 'rememberMeCookie' of type [org.apache.shiro.web.servlet.SimpleCookie] is not eligible for getting processed by all BeanPostProcessors (for example: not eligible for auto-proxying)
2018-04-08 16:37:16.788  INFO 6072 --- [main] trationDelegate$BeanPostProcessorChecker : Bean 'rememberMeManager' of type [org.apache.shiro.web.mgt.CookieRememberMeManager] is not eligible for getting processed by all BeanPostProcessors (for example: not eligible for auto-proxying)
2018-04-08 16:37:16.797  INFO 6072 --- [main] trationDelegate$BeanPostProcessorChecker : Bean 'securityManager' of type [org.apache.shiro.web.mgt.DefaultWebSecurityManager] is not eligible for getting processed by all BeanPostProcessors (for example: not eligible for auto-proxying)
2018-04-08 16:37:18.205  INFO 6072 --- [main] com.manjushira.DaoTests                          : Started DaoTests in 4.803 seconds (JVM running for 5.779)
2018-04-08 16:37:18.277 DEBUG 6072 --- [main] c.g.m.a.U.selectUserByLoginName          : ==>  Preparing: SELECT a.id, a.company_id AS "company.id", a.office_id AS "office.id", a.login_name, a.password, a.no, a.name, a.email, a.phone, a.mobile, a.user_type, a.login_ip, a.login_date, a.remarks, a.login_flag, a.photo, a.create_by AS "createBy.id", a.create_date, a.update_by AS "updateBy.id", a.update_date, a.del_flag, c.name AS "company.name", c.parent_id AS "company.parent.id", c.parent_ids AS "company.parentIds", ca.id AS "company.area.id", ca.name AS "company.area.name", ca.parent_id AS "company.area.parent.id", ca.parent_ids AS "company.area.parentIds", o.name AS "office.name", o.parent_id AS "office.parent.id", o.parent_ids AS "office.parentIds", oa.id AS "office.area.id", oa.name AS "office.area.name", oa.parent_id AS "office.area.parent.id", oa.parent_ids AS "office.area.parentIds", cu.id AS "company.primaryPerson.id", cu.name AS "company.primaryPerson.name", cu2.id AS "company.deputyPerson.id", cu2.name AS "company.deputyPerson.name", ou.id AS "office.primaryPerson.id", ou.name AS "office.primaryPerson.name", ou2.id AS "office.deputyPerson.id", ou2.name AS "office.deputyPerson.name" FROM sys_user a LEFT JOIN sys_office c ON c.id = a.company_id LEFT JOIN sys_area ca ON ca.id = c.area_id LEFT JOIN sys_office o ON o.id = a.office_id LEFT JOIN sys_area oa ON oa.id = o.area_id LEFT JOIN sys_user cu ON cu.id = c.primary_person LEFT JOIN sys_user cu2 ON cu2.id = c.deputy_person LEFT JOIN sys_user ou ON ou.id = o.primary_person LEFT JOIN sys_user ou2 ON ou2.id = o.deputy_person where a.login_name=? 
2018-04-08 16:37:18.331 DEBUG 6072 --- [main] c.g.m.a.U.selectUserByLoginName          : ==> Parameters: sd_admin(String)
2018-04-08 16:37:18.387 DEBUG 6072 --- [main] c.g.m.a.U.selectUserByLoginName          : <==      Total: 1
2018-04-08 16:37:18.395  INFO 6072 --- [Thread-4] o.s.w.c.s.GenericWebApplicationContext   : Closing org.springframework.web.context.support.GenericWebApplicationContext@73eb439a: startup date [Sun Apr 08 16:37:14 CST 2018]; root of context hierarchy
2018-04-08 16:37:18.416  INFO 6072 --- [Thread-4] com.alibaba.druid.pool.DruidDataSource   : {dataSource-1} closed
2018-04-08 16:39:15.648  INFO 5564 --- [main] com.manjushira.MapAdminWebApplicationTests       : Starting MapAdminWebApplicationTests on BF-20180326WPLO with PID 5564 (started by Administrator in D:\tempspace\manju-platform\map-admin-web)
2018-04-08 16:39:15.650 DEBUG 5564 --- [main] com.manjushira.MapAdminWebApplicationTests       : Running with Spring Boot v1.5.10.RELEASE, Spring v4.3.14.RELEASE
2018-04-08 16:39:15.650  INFO 5564 --- [main] com.manjushira.MapAdminWebApplicationTests       : The following profiles are active: dev
2018-04-08 16:39:15.861  INFO 5564 --- [main] o.s.w.c.s.GenericWebApplicationContext   : Refreshing org.springframework.web.context.support.GenericWebApplicationContext@359df09a: startup date [Sun Apr 08 16:39:15 CST 2018]; root of context hierarchy
2018-04-08 16:39:16.834  INFO 5564 --- [main] trationDelegate$BeanPostProcessorChecker : Bean 'shiroConfig' of type [com.manjushira.config.ShiroConfig$$EnhancerBySpringCGLIB$$a3df4263] is not eligible for getting processed by all BeanPostProcessors (for example: not eligible for auto-proxying)
2018-04-08 16:39:16.845  INFO 5564 --- [main] trationDelegate$BeanPostProcessorChecker : Bean 'org.springframework.transaction.annotation.ProxyTransactionManagementConfiguration' of type [org.springframework.transaction.annotation.ProxyTransactionManagementConfiguration$$EnhancerBySpringCGLIB$$94667be7] is not eligible for getting processed by all BeanPostProcessors (for example: not eligible for auto-proxying)
2018-04-08 16:39:17.127  INFO 5564 --- [main] trationDelegate$BeanPostProcessorChecker : Bean 'hashedCredentialsMatcher' of type [org.apache.shiro.authc.credential.HashedCredentialsMatcher] is not eligible for getting processed by all BeanPostProcessors (for example: not eligible for auto-proxying)
2018-04-08 16:39:17.335  INFO 5564 --- [main] trationDelegate$BeanPostProcessorChecker : Bean 'mybatis-plus-com.baomidou.mybatisplus.spring.boot.starter.MybatisPlusProperties' of type [com.baomidou.mybatisplus.spring.boot.starter.MybatisPlusProperties] is not eligible for getting processed by all BeanPostProcessors (for example: not eligible for auto-proxying)
2018-04-08 16:39:17.364  INFO 5564 --- [main] trationDelegate$BeanPostProcessorChecker : Bean 'druidProperties' of type [com.manjushira.config.properties.DruidProperties] is not eligible for getting processed by all BeanPostProcessors (for example: not eligible for auto-proxying)
2018-04-08 16:39:17.365  INFO 5564 --- [main] trationDelegate$BeanPostProcessorChecker : Bean 'mybatisPlusConfig' of type [com.manjushira.config.MybatisPlusConfig$$EnhancerBySpringCGLIB$$7575f1ff] is not eligible for getting processed by all BeanPostProcessors (for example: not eligible for auto-proxying)
2018-04-08 16:39:17.378  INFO 5564 --- [main] trationDelegate$BeanPostProcessorChecker : Bean 'paginationInterceptor' of type [com.baomidou.mybatisplus.plugins.PaginationInterceptor] is not eligible for getting processed by all BeanPostProcessors (for example: not eligible for auto-proxying)
2018-04-08 16:39:17.393  INFO 5564 --- [main] trationDelegate$BeanPostProcessorChecker : Bean 'com.baomidou.mybatisplus.spring.boot.starter.MybatisPlusAutoConfiguration' of type [com.baomidou.mybatisplus.spring.boot.starter.MybatisPlusAutoConfiguration$$EnhancerBySpringCGLIB$$e2061a44] is not eligible for getting processed by all BeanPostProcessors (for example: not eligible for auto-proxying)
2018-04-08 16:39:17.448  INFO 5564 --- [main] trationDelegate$BeanPostProcessorChecker : Bean 'singleDatasource' of type [com.alibaba.druid.pool.DruidDataSource] is not eligible for getting processed by all BeanPostProcessors (for example: not eligible for auto-proxying)
2018-04-08 16:39:17.457  INFO 5564 --- [main] trationDelegate$BeanPostProcessorChecker : Bean 'org.springframework.boot.autoconfigure.jdbc.DataSourceAutoConfiguration' of type [org.springframework.boot.autoconfigure.jdbc.DataSourceAutoConfiguration$$EnhancerBySpringCGLIB$$765a1f47] is not eligible for getting processed by all BeanPostProcessors (for example: not eligible for auto-proxying)
2018-04-08 16:39:17.472  INFO 5564 --- [main] trationDelegate$BeanPostProcessorChecker : Bean 'spring.datasource-org.springframework.boot.autoconfigure.jdbc.DataSourceProperties' of type [org.springframework.boot.autoconfigure.jdbc.DataSourceProperties] is not eligible for getting processed by all BeanPostProcessors (for example: not eligible for auto-proxying)
2018-04-08 16:39:17.485  INFO 5564 --- [main] trationDelegate$BeanPostProcessorChecker : Bean 'dataSourceInitializer' of type [org.springframework.boot.autoconfigure.jdbc.DataSourceInitializer] is not eligible for getting processed by all BeanPostProcessors (for example: not eligible for auto-proxying)
2018-04-08 16:39:18.091  INFO 5564 --- [main] com.alibaba.druid.pool.DruidDataSource   : {dataSource-1} inited
2018-04-08 16:39:18.434  INFO 5564 --- [main] trationDelegate$BeanPostProcessorChecker : Bean 'sqlSessionFactory' of type [org.apache.ibatis.session.defaults.DefaultSqlSessionFactory] is not eligible for getting processed by all BeanPostProcessors (for example: not eligible for auto-proxying)
2018-04-08 16:39:18.441  INFO 5564 --- [main] trationDelegate$BeanPostProcessorChecker : Bean 'sqlSessionTemplate' of type [org.mybatis.spring.SqlSessionTemplate] is not eligible for getting processed by all BeanPostProcessors (for example: not eligible for auto-proxying)
2018-04-08 16:39:18.442  INFO 5564 --- [main] trationDelegate$BeanPostProcessorChecker : Bean 'userMapper' of type [org.mybatis.spring.mapper.MapperFactoryBean] is not eligible for getting processed by all BeanPostProcessors (for example: not eligible for auto-proxying)
2018-04-08 16:39:18.446  INFO 5564 --- [main] trationDelegate$BeanPostProcessorChecker : Bean 'userMapper' of type [com.sun.proxy.$Proxy75] is not eligible for getting processed by all BeanPostProcessors (for example: not eligible for auto-proxying)
2018-04-08 16:39:18.447  INFO 5564 --- [main] trationDelegate$BeanPostProcessorChecker : Bean 'userServiceImpl' of type [com.manjushira.service.impl.UserServiceImpl] is not eligible for getting processed by all BeanPostProcessors (for example: not eligible for auto-proxying)
2018-04-08 16:39:18.448  INFO 5564 --- [main] trationDelegate$BeanPostProcessorChecker : Bean 'myShiroRealm' of type [kits.MyShiroRealm] is not eligible for getting processed by all BeanPostProcessors (for example: not eligible for auto-proxying)
2018-04-08 16:39:18.455  INFO 5564 --- [main] trationDelegate$BeanPostProcessorChecker : Bean 'ehCacheManager' of type [org.apache.shiro.cache.ehcache.EhCacheManager] is not eligible for getting processed by all BeanPostProcessors (for example: not eligible for auto-proxying)
2018-04-08 16:39:18.552  WARN 5564 --- [main] net.sf.ehcache.DiskStorePathManager      : diskStorePath 'C:\Users\ADMINI~1.BF-\AppData\Local\Temp\ehcache' is already used by an existing CacheManager either in the same VM or in a different process.
The diskStore path for this CacheManager will be set to C:\Users\ADMINI~1.BF-\AppData\Local\Temp\ehcache\ehcache_auto_created4294164013786962029diskstore.
To avoid this warning consider using the CacheManager factory methods to create a singleton CacheManager or specifying a separate ehcache configuration (ehcache.xml) for each CacheManager instance.
2018-04-08 16:39:18.552  WARN 5564 --- [main] n.s.e.store.disk.DiskStorageFactory      : Data in persistent disk stores is ignored for stores from automatically created directories.
Remove diskPersistent or resolve the conflicting disk paths in cache configuration.
Deleting data file C:\Users\ADMINI~1.BF-\AppData\Local\Temp\ehcache\ehcache_auto_created4294164013786962029diskstore\shiro-active%0053ession%0043ache.data
2018-04-08 16:39:18.571  INFO 5564 --- [main] o.a.shiro.cache.ehcache.EhCacheManager   : Cache with name 'kits.MyShiroRealm.authorizationCache' does not yet exist.  Creating now.
2018-04-08 16:39:18.574  INFO 5564 --- [main] o.a.shiro.cache.ehcache.EhCacheManager   : Added EhCache named [kits.MyShiroRealm.authorizationCache]
2018-04-08 16:39:18.579  INFO 5564 --- [main] trationDelegate$BeanPostProcessorChecker : Bean 'rememberMeCookie' of type [org.apache.shiro.web.servlet.SimpleCookie] is not eligible for getting processed by all BeanPostProcessors (for example: not eligible for auto-proxying)
2018-04-08 16:39:18.584  INFO 5564 --- [main] trationDelegate$BeanPostProcessorChecker : Bean 'rememberMeManager' of type [org.apache.shiro.web.mgt.CookieRememberMeManager] is not eligible for getting processed by all BeanPostProcessors (for example: not eligible for auto-proxying)
2018-04-08 16:39:18.596  INFO 5564 --- [main] trationDelegate$BeanPostProcessorChecker : Bean 'securityManager' of type [org.apache.shiro.web.mgt.DefaultWebSecurityManager] is not eligible for getting processed by all BeanPostProcessors (for example: not eligible for auto-proxying)
2018-04-08 16:39:20.082  INFO 5564 --- [main] com.manjushira.MapAdminWebApplicationTests       : Started MapAdminWebApplicationTests in 5.066 seconds (JVM running for 5.894)
2018-04-08 16:39:20.135  INFO 5564 --- [Thread-4] o.s.w.c.s.GenericWebApplicationContext   : Closing org.springframework.web.context.support.GenericWebApplicationContext@359df09a: startup date [Sun Apr 08 16:39:15 CST 2018]; root of context hierarchy
2018-04-08 16:39:20.156  INFO 5564 --- [Thread-4] com.alibaba.druid.pool.DruidDataSource   : {dataSource-1} closed
