2018-04-13 23:17:11.991  INFO 34100 --- [restartedMain] com.manjushirwa.AdminWebApplication      : Starting AdminWebApplication on macdeMacBook-Pro.local with PID 34100 (started by Ciaoyen in /Users/mac/Library/Mobile Documents/com~apple~CloudDocs/testspace/manju-platform)
2018-04-13 23:17:11.992  INFO 34100 --- [restartedMain] com.manjushirwa.AdminWebApplication      : The following profiles are active: dev
2018-04-13 23:17:12.253  INFO 34100 --- [restartedMain] ationConfigEmbeddedWebApplicationContext : Refreshing org.springframework.boot.context.embedded.AnnotationConfigEmbeddedWebApplicationContext@21f70fad: startup date [Fri Apr 13 23:17:12 CST 2018]; root of context hierarchy
2018-04-13 23:17:13.306  INFO 34100 --- [restartedMain] trationDelegate$BeanPostProcessorChecker : Bean 'org.springframework.transaction.annotation.ProxyTransactionManagementConfiguration' of type [org.springframework.transaction.annotation.ProxyTransactionManagementConfiguration$$EnhancerBySpringCGLIB$$530f54e4] is not eligible for getting processed by all BeanPostProcessors (for example: not eligible for auto-proxying)
2018-04-13 23:17:13.352  INFO 34100 --- [restartedMain] trationDelegate$BeanPostProcessorChecker : Bean 'shiroConfig' of type [com.manjushirwa.config.ShiroConfig$$EnhancerBySpringCGLIB$$76c6915e] is not eligible for getting processed by all BeanPostProcessors (for example: not eligible for auto-proxying)
2018-04-13 23:17:13.497  INFO 34100 --- [restartedMain] trationDelegate$BeanPostProcessorChecker : Bean 'hashedCredentialsMatcher' of type [org.apache.shiro.authc.credential.HashedCredentialsMatcher] is not eligible for getting processed by all BeanPostProcessors (for example: not eligible for auto-proxying)
2018-04-13 23:17:13.691  INFO 34100 --- [restartedMain] trationDelegate$BeanPostProcessorChecker : Bean 'mybatis-plus-com.baomidou.mybatisplus.spring.boot.starter.MybatisPlusProperties' of type [com.baomidou.mybatisplus.spring.boot.starter.MybatisPlusProperties] is not eligible for getting processed by all BeanPostProcessors (for example: not eligible for auto-proxying)
2018-04-13 23:17:13.715  INFO 34100 --- [restartedMain] trationDelegate$BeanPostProcessorChecker : Bean 'druidProperties' of type [com.manjushirwa.config.properties.DruidProperties] is not eligible for getting processed by all BeanPostProcessors (for example: not eligible for auto-proxying)
2018-04-13 23:17:13.722  INFO 34100 --- [restartedMain] trationDelegate$BeanPostProcessorChecker : Bean 'mutiDataSourceProperties' of type [com.manjushirwa.config.properties.MutiDataSourceProperties] is not eligible for getting processed by all BeanPostProcessors (for example: not eligible for auto-proxying)
2018-04-13 23:17:13.723  INFO 34100 --- [restartedMain] trationDelegate$BeanPostProcessorChecker : Bean 'mybatisPlusConfig' of type [com.manjushirwa.config.MybatisPlusConfig$$EnhancerBySpringCGLIB$$57604a7a] is not eligible for getting processed by all BeanPostProcessors (for example: not eligible for auto-proxying)
2018-04-13 23:17:13.736  INFO 34100 --- [restartedMain] trationDelegate$BeanPostProcessorChecker : Bean 'paginationInterceptor' of type [com.baomidou.mybatisplus.plugins.PaginationInterceptor] is not eligible for getting processed by all BeanPostProcessors (for example: not eligible for auto-proxying)
2018-04-13 23:17:13.748  INFO 34100 --- [restartedMain] trationDelegate$BeanPostProcessorChecker : Bean 'com.baomidou.mybatisplus.spring.boot.starter.MybatisPlusAutoConfiguration' of type [com.baomidou.mybatisplus.spring.boot.starter.MybatisPlusAutoConfiguration$$EnhancerBySpringCGLIB$$a0aef341] is not eligible for getting processed by all BeanPostProcessors (for example: not eligible for auto-proxying)
2018-04-13 23:17:13.803  INFO 34100 --- [restartedMain] trationDelegate$BeanPostProcessorChecker : Bean 'singleDatasource' of type [com.alibaba.druid.pool.DruidDataSource] is not eligible for getting processed by all BeanPostProcessors (for example: not eligible for auto-proxying)
2018-04-13 23:17:13.811  INFO 34100 --- [restartedMain] trationDelegate$BeanPostProcessorChecker : Bean 'org.springframework.boot.autoconfigure.jdbc.DataSourceAutoConfiguration' of type [org.springframework.boot.autoconfigure.jdbc.DataSourceAutoConfiguration$$EnhancerBySpringCGLIB$$3502f844] is not eligible for getting processed by all BeanPostProcessors (for example: not eligible for auto-proxying)
2018-04-13 23:17:13.830  INFO 34100 --- [restartedMain] trationDelegate$BeanPostProcessorChecker : Bean 'spring.datasource-org.springframework.boot.autoconfigure.jdbc.DataSourceProperties' of type [org.springframework.boot.autoconfigure.jdbc.DataSourceProperties] is not eligible for getting processed by all BeanPostProcessors (for example: not eligible for auto-proxying)
2018-04-13 23:17:13.840  INFO 34100 --- [restartedMain] trationDelegate$BeanPostProcessorChecker : Bean 'dataSourceInitializer' of type [org.springframework.boot.autoconfigure.jdbc.DataSourceInitializer] is not eligible for getting processed by all BeanPostProcessors (for example: not eligible for auto-proxying)
2018-04-13 23:17:15.644  INFO 34100 --- [restartedMain] com.alibaba.druid.pool.DruidDataSource   : {dataSource-1} inited
2018-04-13 23:17:15.948  INFO 34100 --- [restartedMain] trationDelegate$BeanPostProcessorChecker : Bean 'sqlSessionFactory' of type [org.apache.ibatis.session.defaults.DefaultSqlSessionFactory] is not eligible for getting processed by all BeanPostProcessors (for example: not eligible for auto-proxying)
2018-04-13 23:17:15.955  INFO 34100 --- [restartedMain] trationDelegate$BeanPostProcessorChecker : Bean 'sqlSessionTemplate' of type [org.mybatis.spring.SqlSessionTemplate] is not eligible for getting processed by all BeanPostProcessors (for example: not eligible for auto-proxying)
2018-04-13 23:17:15.956  INFO 34100 --- [restartedMain] trationDelegate$BeanPostProcessorChecker : Bean 'userMapper' of type [org.mybatis.spring.mapper.MapperFactoryBean] is not eligible for getting processed by all BeanPostProcessors (for example: not eligible for auto-proxying)
2018-04-13 23:17:15.958  INFO 34100 --- [restartedMain] trationDelegate$BeanPostProcessorChecker : Bean 'userMapper' of type [com.sun.proxy.$Proxy75] is not eligible for getting processed by all BeanPostProcessors (for example: not eligible for auto-proxying)
2018-04-13 23:17:15.960  INFO 34100 --- [restartedMain] trationDelegate$BeanPostProcessorChecker : Bean 'userServiceImpl' of type [com.manjushirwa.service.impl.UserServiceImpl] is not eligible for getting processed by all BeanPostProcessors (for example: not eligible for auto-proxying)
2018-04-13 23:17:15.960  INFO 34100 --- [restartedMain] trationDelegate$BeanPostProcessorChecker : Bean 'myShiroRealm' of type [com.manjushirwa.kits.shiro.MyShiroRealm] is not eligible for getting processed by all BeanPostProcessors (for example: not eligible for auto-proxying)
2018-04-13 23:17:15.968  INFO 34100 --- [restartedMain] trationDelegate$BeanPostProcessorChecker : Bean 'ehCacheManager' of type [org.apache.shiro.cache.ehcache.EhCacheManager] is not eligible for getting processed by all BeanPostProcessors (for example: not eligible for auto-proxying)
2018-04-13 23:17:16.062  INFO 34100 --- [restartedMain] o.a.shiro.cache.ehcache.EhCacheManager   : Cache with name 'com.manjushirwa.kits.shiro.MyShiroRealm.authorizationCache' does not yet exist.  Creating now.
2018-04-13 23:17:16.063  INFO 34100 --- [restartedMain] o.a.shiro.cache.ehcache.EhCacheManager   : Added EhCache named [com.manjushirwa.kits.shiro.MyShiroRealm.authorizationCache]
2018-04-13 23:17:16.068  INFO 34100 --- [restartedMain] trationDelegate$BeanPostProcessorChecker : Bean 'rememberMeCookie' of type [org.apache.shiro.web.servlet.SimpleCookie] is not eligible for getting processed by all BeanPostProcessors (for example: not eligible for auto-proxying)
2018-04-13 23:17:16.072  INFO 34100 --- [restartedMain] trationDelegate$BeanPostProcessorChecker : Bean 'rememberMeManager' of type [org.apache.shiro.web.mgt.CookieRememberMeManager] is not eligible for getting processed by all BeanPostProcessors (for example: not eligible for auto-proxying)
2018-04-13 23:17:16.083  INFO 34100 --- [restartedMain] trationDelegate$BeanPostProcessorChecker : Bean 'securityManager' of type [org.apache.shiro.web.mgt.DefaultWebSecurityManager] is not eligible for getting processed by all BeanPostProcessors (for example: not eligible for auto-proxying)
2018-04-13 23:17:16.094  INFO 34100 --- [restartedMain] trationDelegate$BeanPostProcessorChecker : Bean 'authorizationAttributeSourceAdvisor' of type [org.apache.shiro.spring.security.interceptor.AuthorizationAttributeSourceAdvisor] is not eligible for getting processed by all BeanPostProcessors (for example: not eligible for auto-proxying)
2018-04-13 23:17:16.480  INFO 34100 --- [restartedMain] s.b.c.e.t.TomcatEmbeddedServletContainer : Tomcat initialized with port(s): 8092 (http)
2018-04-13 23:17:16.490  INFO 34100 --- [restartedMain] o.apache.catalina.core.StandardService   : Starting service [Tomcat]
2018-04-13 23:17:16.491  INFO 34100 --- [restartedMain] org.apache.catalina.core.StandardEngine  : Starting Servlet Engine: Apache Tomcat/8.5.27
2018-04-13 23:17:16.548  INFO 34100 --- [localhost-startStop-1] o.a.c.c.C.[Tomcat].[localhost].[/]       : Initializing Spring embedded WebApplicationContext
2018-04-13 23:17:16.548  INFO 34100 --- [localhost-startStop-1] o.s.web.context.ContextLoader            : Root WebApplicationContext: initialization completed in 4298 ms
2018-04-13 23:17:16.731  INFO 34100 --- [localhost-startStop-1] o.s.b.w.servlet.ServletRegistrationBean  : Mapping servlet: 'dispatcherServlet' to [/]
2018-04-13 23:17:16.735  INFO 34100 --- [localhost-startStop-1] o.s.b.w.servlet.FilterRegistrationBean   : Mapping filter: 'characterEncodingFilter' to: [/*]
2018-04-13 23:17:16.735  INFO 34100 --- [localhost-startStop-1] o.s.b.w.servlet.FilterRegistrationBean   : Mapping filter: 'hiddenHttpMethodFilter' to: [/*]
2018-04-13 23:17:16.735  INFO 34100 --- [localhost-startStop-1] o.s.b.w.servlet.FilterRegistrationBean   : Mapping filter: 'httpPutFormContentFilter' to: [/*]
2018-04-13 23:17:16.735  INFO 34100 --- [localhost-startStop-1] o.s.b.w.servlet.FilterRegistrationBean   : Mapping filter: 'requestContextFilter' to: [/*]
2018-04-13 23:17:16.735  INFO 34100 --- [localhost-startStop-1] o.s.b.w.servlet.FilterRegistrationBean   : Mapping filter: 'shiroFilter' to: [/*]
2018-04-13 23:17:18.248  WARN 34100 --- [restartedMain] o.s.b.d.a.OptionalLiveReloadServer       : Unable to start LiveReload server
2018-04-13 23:17:18.319  INFO 34100 --- [restartedMain] o.s.j.e.a.AnnotationMBeanExporter        : Registering beans for JMX exposure on startup
2018-04-13 23:17:18.321  INFO 34100 --- [restartedMain] o.s.j.e.a.AnnotationMBeanExporter        : Bean with name 'singleDatasource' has been autodetected for JMX exposure
2018-04-13 23:17:18.326  INFO 34100 --- [restartedMain] o.s.j.e.a.AnnotationMBeanExporter        : Located MBean 'singleDatasource': registering with JMX server as MBean [com.alibaba.druid.pool:name=singleDatasource,type=DruidDataSource]
2018-04-13 23:17:18.375  INFO 34100 --- [restartedMain] s.b.c.e.t.TomcatEmbeddedServletContainer : Tomcat started on port(s): 8092 (http)
2018-04-13 23:17:18.380  INFO 34100 --- [restartedMain] com.manjushirwa.AdminWebApplication      : Started AdminWebApplication in 6.79 seconds (JVM running for 7.409)
2018-04-13 23:17:18.769  INFO 34100 --- [http-nio-8092-exec-1] o.apache.tomcat.util.http.parser.Cookie  : A cookie header was received [1521983412,1522761679,1522836227; JSESSIONID=0087365985AD0254636BA580562B94C1] that contained an invalid cookie. That cookie will be ignored.Note: further occurrences of this error will be logged at DEBUG level.
2018-04-13 23:17:18.775  INFO 34100 --- [http-nio-8092-exec-1] o.a.c.c.C.[Tomcat].[localhost].[/]       : Initializing Spring FrameworkServlet 'dispatcherServlet'
2018-04-13 23:18:41.422  INFO 34100 --- [http-nio-8092-exec-8] com.manjushirwa.kits.shiro.LoginFilter   : loginFilter.executeLogin
2018-04-13 23:18:41.423  INFO 34100 --- [http-nio-8092-exec-8] com.manjushirwa.kits.shiro.MyShiroRealm  : MyShiroRealm.doGetAuthenticationInfo()
2018-04-13 23:18:42.673  INFO 34100 --- [http-nio-8092-exec-8] c.m.controller.LoginController           : 登录方法start.........
2018-04-13 23:18:59.097  INFO 34100 --- [http-nio-8092-exec-4] com.manjushirwa.kits.shiro.LoginFilter   : loginFilter.executeLogin
2018-04-13 23:18:59.098  INFO 34100 --- [http-nio-8092-exec-4] com.manjushirwa.kits.shiro.MyShiroRealm  : MyShiroRealm.doGetAuthenticationInfo()
2018-04-13 23:20:12.638  INFO 34100 --- [Thread-23] ationConfigEmbeddedWebApplicationContext : Closing org.springframework.boot.context.embedded.AnnotationConfigEmbeddedWebApplicationContext@21f70fad: startup date [Fri Apr 13 23:17:12 CST 2018]; root of context hierarchy
2018-04-13 23:20:12.640  INFO 34100 --- [Thread-23] o.s.j.e.a.AnnotationMBeanExporter        : Unregistering JMX-exposed beans on shutdown
2018-04-13 23:20:12.641  INFO 34100 --- [Thread-23] o.s.j.e.a.AnnotationMBeanExporter        : Unregistering JMX-exposed beans
2018-04-13 23:20:12.646  INFO 34100 --- [Thread-23] com.alibaba.druid.pool.DruidDataSource   : {dataSource-1} closed
2018-04-13 23:20:14.342  INFO 34132 --- [restartedMain] com.manjushirwa.AdminWebApplication      : Starting AdminWebApplication on macdeMacBook-Pro.local with PID 34132 (started by Ciaoyen in /Users/mac/Library/Mobile Documents/com~apple~CloudDocs/testspace/manju-platform)
2018-04-13 23:20:14.343  INFO 34132 --- [restartedMain] com.manjushirwa.AdminWebApplication      : The following profiles are active: dev
2018-04-13 23:20:14.566  INFO 34132 --- [restartedMain] ationConfigEmbeddedWebApplicationContext : Refreshing org.springframework.boot.context.embedded.AnnotationConfigEmbeddedWebApplicationContext@5561e8bd: startup date [Fri Apr 13 23:20:14 CST 2018]; root of context hierarchy
2018-04-13 23:20:15.907  INFO 34132 --- [restartedMain] trationDelegate$BeanPostProcessorChecker : Bean 'org.springframework.transaction.annotation.ProxyTransactionManagementConfiguration' of type [org.springframework.transaction.annotation.ProxyTransactionManagementConfiguration$$EnhancerBySpringCGLIB$$8025ef1a] is not eligible for getting processed by all BeanPostProcessors (for example: not eligible for auto-proxying)
2018-04-13 23:20:15.995  INFO 34132 --- [restartedMain] trationDelegate$BeanPostProcessorChecker : Bean 'shiroConfig' of type [com.manjushirwa.config.ShiroConfig$$EnhancerBySpringCGLIB$$a3dd2b94] is not eligible for getting processed by all BeanPostProcessors (for example: not eligible for auto-proxying)
2018-04-13 23:20:16.258  INFO 34132 --- [restartedMain] trationDelegate$BeanPostProcessorChecker : Bean 'hashedCredentialsMatcher' of type [org.apache.shiro.authc.credential.HashedCredentialsMatcher] is not eligible for getting processed by all BeanPostProcessors (for example: not eligible for auto-proxying)
2018-04-13 23:20:16.577  INFO 34132 --- [restartedMain] trationDelegate$BeanPostProcessorChecker : Bean 'mybatis-plus-com.baomidou.mybatisplus.spring.boot.starter.MybatisPlusProperties' of type [com.baomidou.mybatisplus.spring.boot.starter.MybatisPlusProperties] is not eligible for getting processed by all BeanPostProcessors (for example: not eligible for auto-proxying)
2018-04-13 23:20:16.614  INFO 34132 --- [restartedMain] trationDelegate$BeanPostProcessorChecker : Bean 'druidProperties' of type [com.manjushirwa.config.properties.DruidProperties] is not eligible for getting processed by all BeanPostProcessors (for example: not eligible for auto-proxying)
2018-04-13 23:20:16.623  INFO 34132 --- [restartedMain] trationDelegate$BeanPostProcessorChecker : Bean 'mutiDataSourceProperties' of type [com.manjushirwa.config.properties.MutiDataSourceProperties] is not eligible for getting processed by all BeanPostProcessors (for example: not eligible for auto-proxying)
2018-04-13 23:20:16.625  INFO 34132 --- [restartedMain] trationDelegate$BeanPostProcessorChecker : Bean 'mybatisPlusConfig' of type [com.manjushirwa.config.MybatisPlusConfig$$EnhancerBySpringCGLIB$$8476e4b0] is not eligible for getting processed by all BeanPostProcessors (for example: not eligible for auto-proxying)
2018-04-13 23:20:16.641  INFO 34132 --- [restartedMain] trationDelegate$BeanPostProcessorChecker : Bean 'paginationInterceptor' of type [com.baomidou.mybatisplus.plugins.PaginationInterceptor] is not eligible for getting processed by all BeanPostProcessors (for example: not eligible for auto-proxying)
2018-04-13 23:20:16.655  INFO 34132 --- [restartedMain] trationDelegate$BeanPostProcessorChecker : Bean 'com.baomidou.mybatisplus.spring.boot.starter.MybatisPlusAutoConfiguration' of type [com.baomidou.mybatisplus.spring.boot.starter.MybatisPlusAutoConfiguration$$EnhancerBySpringCGLIB$$cdc58d77] is not eligible for getting processed by all BeanPostProcessors (for example: not eligible for auto-proxying)
2018-04-13 23:20:16.711  INFO 34132 --- [restartedMain] trationDelegate$BeanPostProcessorChecker : Bean 'singleDatasource' of type [com.alibaba.druid.pool.DruidDataSource] is not eligible for getting processed by all BeanPostProcessors (for example: not eligible for auto-proxying)
2018-04-13 23:20:16.719  INFO 34132 --- [restartedMain] trationDelegate$BeanPostProcessorChecker : Bean 'org.springframework.boot.autoconfigure.jdbc.DataSourceAutoConfiguration' of type [org.springframework.boot.autoconfigure.jdbc.DataSourceAutoConfiguration$$EnhancerBySpringCGLIB$$6219927a] is not eligible for getting processed by all BeanPostProcessors (for example: not eligible for auto-proxying)
2018-04-13 23:20:16.739  INFO 34132 --- [restartedMain] trationDelegate$BeanPostProcessorChecker : Bean 'spring.datasource-org.springframework.boot.autoconfigure.jdbc.DataSourceProperties' of type [org.springframework.boot.autoconfigure.jdbc.DataSourceProperties] is not eligible for getting processed by all BeanPostProcessors (for example: not eligible for auto-proxying)
2018-04-13 23:20:16.749  INFO 34132 --- [restartedMain] trationDelegate$BeanPostProcessorChecker : Bean 'dataSourceInitializer' of type [org.springframework.boot.autoconfigure.jdbc.DataSourceInitializer] is not eligible for getting processed by all BeanPostProcessors (for example: not eligible for auto-proxying)
2018-04-13 23:20:20.508  INFO 34132 --- [restartedMain] com.alibaba.druid.pool.DruidDataSource   : {dataSource-1} inited
2018-04-13 23:20:20.799  INFO 34132 --- [restartedMain] trationDelegate$BeanPostProcessorChecker : Bean 'sqlSessionFactory' of type [org.apache.ibatis.session.defaults.DefaultSqlSessionFactory] is not eligible for getting processed by all BeanPostProcessors (for example: not eligible for auto-proxying)
2018-04-13 23:20:20.805  INFO 34132 --- [restartedMain] trationDelegate$BeanPostProcessorChecker : Bean 'sqlSessionTemplate' of type [org.mybatis.spring.SqlSessionTemplate] is not eligible for getting processed by all BeanPostProcessors (for example: not eligible for auto-proxying)
2018-04-13 23:20:20.806  INFO 34132 --- [restartedMain] trationDelegate$BeanPostProcessorChecker : Bean 'userMapper' of type [org.mybatis.spring.mapper.MapperFactoryBean] is not eligible for getting processed by all BeanPostProcessors (for example: not eligible for auto-proxying)
2018-04-13 23:20:20.808  INFO 34132 --- [restartedMain] trationDelegate$BeanPostProcessorChecker : Bean 'userMapper' of type [com.sun.proxy.$Proxy75] is not eligible for getting processed by all BeanPostProcessors (for example: not eligible for auto-proxying)
2018-04-13 23:20:20.809  INFO 34132 --- [restartedMain] trationDelegate$BeanPostProcessorChecker : Bean 'userServiceImpl' of type [com.manjushirwa.service.impl.UserServiceImpl] is not eligible for getting processed by all BeanPostProcessors (for example: not eligible for auto-proxying)
2018-04-13 23:20:20.810  INFO 34132 --- [restartedMain] trationDelegate$BeanPostProcessorChecker : Bean 'myShiroRealm' of type [com.manjushirwa.kits.shiro.MyShiroRealm] is not eligible for getting processed by all BeanPostProcessors (for example: not eligible for auto-proxying)
2018-04-13 23:20:20.816  INFO 34132 --- [restartedMain] trationDelegate$BeanPostProcessorChecker : Bean 'ehCacheManager' of type [org.apache.shiro.cache.ehcache.EhCacheManager] is not eligible for getting processed by all BeanPostProcessors (for example: not eligible for auto-proxying)
2018-04-13 23:20:20.884  INFO 34132 --- [restartedMain] o.a.shiro.cache.ehcache.EhCacheManager   : Cache with name 'com.manjushirwa.kits.shiro.MyShiroRealm.authorizationCache' does not yet exist.  Creating now.
2018-04-13 23:20:20.887  INFO 34132 --- [restartedMain] o.a.shiro.cache.ehcache.EhCacheManager   : Added EhCache named [com.manjushirwa.kits.shiro.MyShiroRealm.authorizationCache]
2018-04-13 23:20:20.891  INFO 34132 --- [restartedMain] trationDelegate$BeanPostProcessorChecker : Bean 'rememberMeCookie' of type [org.apache.shiro.web.servlet.SimpleCookie] is not eligible for getting processed by all BeanPostProcessors (for example: not eligible for auto-proxying)
2018-04-13 23:20:20.896  INFO 34132 --- [restartedMain] trationDelegate$BeanPostProcessorChecker : Bean 'rememberMeManager' of type [org.apache.shiro.web.mgt.CookieRememberMeManager] is not eligible for getting processed by all BeanPostProcessors (for example: not eligible for auto-proxying)
2018-04-13 23:20:20.908  INFO 34132 --- [restartedMain] trationDelegate$BeanPostProcessorChecker : Bean 'securityManager' of type [org.apache.shiro.web.mgt.DefaultWebSecurityManager] is not eligible for getting processed by all BeanPostProcessors (for example: not eligible for auto-proxying)
2018-04-13 23:20:20.918  INFO 34132 --- [restartedMain] trationDelegate$BeanPostProcessorChecker : Bean 'authorizationAttributeSourceAdvisor' of type [org.apache.shiro.spring.security.interceptor.AuthorizationAttributeSourceAdvisor] is not eligible for getting processed by all BeanPostProcessors (for example: not eligible for auto-proxying)
2018-04-13 23:20:21.297  INFO 34132 --- [restartedMain] s.b.c.e.t.TomcatEmbeddedServletContainer : Tomcat initialized with port(s): 8092 (http)
2018-04-13 23:20:21.305  INFO 34132 --- [restartedMain] o.apache.catalina.core.StandardService   : Starting service [Tomcat]
2018-04-13 23:20:21.305  INFO 34132 --- [restartedMain] org.apache.catalina.core.StandardEngine  : Starting Servlet Engine: Apache Tomcat/8.5.27
2018-04-13 23:20:21.364  INFO 34132 --- [localhost-startStop-1] o.a.c.c.C.[Tomcat].[localhost].[/]       : Initializing Spring embedded WebApplicationContext
2018-04-13 23:20:21.364  INFO 34132 --- [localhost-startStop-1] o.s.web.context.ContextLoader            : Root WebApplicationContext: initialization completed in 6801 ms
2018-04-13 23:20:21.549  INFO 34132 --- [localhost-startStop-1] o.s.b.w.servlet.ServletRegistrationBean  : Mapping servlet: 'dispatcherServlet' to [/]
2018-04-13 23:20:21.560  INFO 34132 --- [localhost-startStop-1] o.s.b.w.servlet.FilterRegistrationBean   : Mapping filter: 'characterEncodingFilter' to: [/*]
2018-04-13 23:20:21.561  INFO 34132 --- [localhost-startStop-1] o.s.b.w.servlet.FilterRegistrationBean   : Mapping filter: 'hiddenHttpMethodFilter' to: [/*]
2018-04-13 23:20:21.562  INFO 34132 --- [localhost-startStop-1] o.s.b.w.servlet.FilterRegistrationBean   : Mapping filter: 'httpPutFormContentFilter' to: [/*]
2018-04-13 23:20:21.562  INFO 34132 --- [localhost-startStop-1] o.s.b.w.servlet.FilterRegistrationBean   : Mapping filter: 'requestContextFilter' to: [/*]
2018-04-13 23:20:21.562  INFO 34132 --- [localhost-startStop-1] o.s.b.w.servlet.FilterRegistrationBean   : Mapping filter: 'shiroFilter' to: [/*]
2018-04-13 23:20:23.077  WARN 34132 --- [restartedMain] o.s.b.d.a.OptionalLiveReloadServer       : Unable to start LiveReload server
2018-04-13 23:20:23.138  INFO 34132 --- [restartedMain] o.s.j.e.a.AnnotationMBeanExporter        : Registering beans for JMX exposure on startup
2018-04-13 23:20:23.140  INFO 34132 --- [restartedMain] o.s.j.e.a.AnnotationMBeanExporter        : Bean with name 'singleDatasource' has been autodetected for JMX exposure
2018-04-13 23:20:23.145  INFO 34132 --- [restartedMain] o.s.j.e.a.AnnotationMBeanExporter        : Located MBean 'singleDatasource': registering with JMX server as MBean [com.alibaba.druid.pool:name=singleDatasource,type=DruidDataSource]
2018-04-13 23:20:23.197  INFO 34132 --- [restartedMain] s.b.c.e.t.TomcatEmbeddedServletContainer : Tomcat started on port(s): 8092 (http)
2018-04-13 23:20:23.202  INFO 34132 --- [restartedMain] com.manjushirwa.AdminWebApplication      : Started AdminWebApplication in 9.251 seconds (JVM running for 9.808)
2018-04-13 23:20:26.863  INFO 34132 --- [http-nio-8092-exec-1] o.apache.tomcat.util.http.parser.Cookie  : A cookie header was received [1521983412,1522761679,1522836227; JSESSIONID=92488295D54C4A44841D6B148B20749A] that contained an invalid cookie. That cookie will be ignored.Note: further occurrences of this error will be logged at DEBUG level.
2018-04-13 23:20:26.868  INFO 34132 --- [http-nio-8092-exec-1] o.a.c.c.C.[Tomcat].[localhost].[/]       : Initializing Spring FrameworkServlet 'dispatcherServlet'
2018-04-13 23:20:40.377  INFO 34132 --- [Thread-27] ationConfigEmbeddedWebApplicationContext : Closing org.springframework.boot.context.embedded.AnnotationConfigEmbeddedWebApplicationContext@5561e8bd: startup date [Fri Apr 13 23:20:14 CST 2018]; root of context hierarchy
2018-04-13 23:20:40.380  INFO 34132 --- [Thread-27] o.s.j.e.a.AnnotationMBeanExporter        : Unregistering JMX-exposed beans on shutdown
2018-04-13 23:20:40.380  INFO 34132 --- [Thread-27] o.s.j.e.a.AnnotationMBeanExporter        : Unregistering JMX-exposed beans
2018-04-13 23:20:40.409  INFO 34132 --- [Thread-27] com.alibaba.druid.pool.DruidDataSource   : {dataSource-1} closed
2018-04-13 23:20:45.777  INFO 34146 --- [restartedMain] com.manjushirwa.AdminWebApplication      : Starting AdminWebApplication on macdeMacBook-Pro.local with PID 34146 (started by Ciaoyen in /Users/mac/Library/Mobile Documents/com~apple~CloudDocs/testspace/manju-platform)
2018-04-13 23:20:45.778  INFO 34146 --- [restartedMain] com.manjushirwa.AdminWebApplication      : The following profiles are active: dev
2018-04-13 23:20:46.007  INFO 34146 --- [restartedMain] ationConfigEmbeddedWebApplicationContext : Refreshing org.springframework.boot.context.embedded.AnnotationConfigEmbeddedWebApplicationContext@aaa13b3: startup date [Fri Apr 13 23:20:46 CST 2018]; root of context hierarchy
2018-04-13 23:20:47.081  INFO 34146 --- [restartedMain] trationDelegate$BeanPostProcessorChecker : Bean 'org.springframework.transaction.annotation.ProxyTransactionManagementConfiguration' of type [org.springframework.transaction.annotation.ProxyTransactionManagementConfiguration$$EnhancerBySpringCGLIB$$d9df6049] is not eligible for getting processed by all BeanPostProcessors (for example: not eligible for auto-proxying)
2018-04-13 23:20:47.125  INFO 34146 --- [restartedMain] trationDelegate$BeanPostProcessorChecker : Bean 'shiroConfig' of type [com.manjushirwa.config.ShiroConfig$$EnhancerBySpringCGLIB$$fd969cc3] is not eligible for getting processed by all BeanPostProcessors (for example: not eligible for auto-proxying)
2018-04-13 23:20:47.277  INFO 34146 --- [restartedMain] trationDelegate$BeanPostProcessorChecker : Bean 'hashedCredentialsMatcher' of type [org.apache.shiro.authc.credential.HashedCredentialsMatcher] is not eligible for getting processed by all BeanPostProcessors (for example: not eligible for auto-proxying)
2018-04-13 23:20:47.526  INFO 34146 --- [restartedMain] trationDelegate$BeanPostProcessorChecker : Bean 'mybatis-plus-com.baomidou.mybatisplus.spring.boot.starter.MybatisPlusProperties' of type [com.baomidou.mybatisplus.spring.boot.starter.MybatisPlusProperties] is not eligible for getting processed by all BeanPostProcessors (for example: not eligible for auto-proxying)
2018-04-13 23:20:47.550  INFO 34146 --- [restartedMain] trationDelegate$BeanPostProcessorChecker : Bean 'druidProperties' of type [com.manjushirwa.config.properties.DruidProperties] is not eligible for getting processed by all BeanPostProcessors (for example: not eligible for auto-proxying)
2018-04-13 23:20:47.558  INFO 34146 --- [restartedMain] trationDelegate$BeanPostProcessorChecker : Bean 'mutiDataSourceProperties' of type [com.manjushirwa.config.properties.MutiDataSourceProperties] is not eligible for getting processed by all BeanPostProcessors (for example: not eligible for auto-proxying)
2018-04-13 23:20:47.559  INFO 34146 --- [restartedMain] trationDelegate$BeanPostProcessorChecker : Bean 'mybatisPlusConfig' of type [com.manjushirwa.config.MybatisPlusConfig$$EnhancerBySpringCGLIB$$de3055df] is not eligible for getting processed by all BeanPostProcessors (for example: not eligible for auto-proxying)
2018-04-13 23:20:47.569  INFO 34146 --- [restartedMain] trationDelegate$BeanPostProcessorChecker : Bean 'paginationInterceptor' of type [com.baomidou.mybatisplus.plugins.PaginationInterceptor] is not eligible for getting processed by all BeanPostProcessors (for example: not eligible for auto-proxying)
2018-04-13 23:20:47.581  INFO 34146 --- [restartedMain] trationDelegate$BeanPostProcessorChecker : Bean 'com.baomidou.mybatisplus.spring.boot.starter.MybatisPlusAutoConfiguration' of type [com.baomidou.mybatisplus.spring.boot.starter.MybatisPlusAutoConfiguration$$EnhancerBySpringCGLIB$$277efea6] is not eligible for getting processed by all BeanPostProcessors (for example: not eligible for auto-proxying)
2018-04-13 23:20:47.626  INFO 34146 --- [restartedMain] trationDelegate$BeanPostProcessorChecker : Bean 'singleDatasource' of type [com.alibaba.druid.pool.DruidDataSource] is not eligible for getting processed by all BeanPostProcessors (for example: not eligible for auto-proxying)
2018-04-13 23:20:47.634  INFO 34146 --- [restartedMain] trationDelegate$BeanPostProcessorChecker : Bean 'org.springframework.boot.autoconfigure.jdbc.DataSourceAutoConfiguration' of type [org.springframework.boot.autoconfigure.jdbc.DataSourceAutoConfiguration$$EnhancerBySpringCGLIB$$bbd303a9] is not eligible for getting processed by all BeanPostProcessors (for example: not eligible for auto-proxying)
2018-04-13 23:20:47.651  INFO 34146 --- [restartedMain] trationDelegate$BeanPostProcessorChecker : Bean 'spring.datasource-org.springframework.boot.autoconfigure.jdbc.DataSourceProperties' of type [org.springframework.boot.autoconfigure.jdbc.DataSourceProperties] is not eligible for getting processed by all BeanPostProcessors (for example: not eligible for auto-proxying)
2018-04-13 23:20:47.661  INFO 34146 --- [restartedMain] trationDelegate$BeanPostProcessorChecker : Bean 'dataSourceInitializer' of type [org.springframework.boot.autoconfigure.jdbc.DataSourceInitializer] is not eligible for getting processed by all BeanPostProcessors (for example: not eligible for auto-proxying)
2018-04-13 23:20:50.912  INFO 34146 --- [restartedMain] com.alibaba.druid.pool.DruidDataSource   : {dataSource-1} inited
2018-04-13 23:20:51.197  INFO 34146 --- [restartedMain] trationDelegate$BeanPostProcessorChecker : Bean 'sqlSessionFactory' of type [org.apache.ibatis.session.defaults.DefaultSqlSessionFactory] is not eligible for getting processed by all BeanPostProcessors (for example: not eligible for auto-proxying)
2018-04-13 23:20:51.204  INFO 34146 --- [restartedMain] trationDelegate$BeanPostProcessorChecker : Bean 'sqlSessionTemplate' of type [org.mybatis.spring.SqlSessionTemplate] is not eligible for getting processed by all BeanPostProcessors (for example: not eligible for auto-proxying)
2018-04-13 23:20:51.204  INFO 34146 --- [restartedMain] trationDelegate$BeanPostProcessorChecker : Bean 'userMapper' of type [org.mybatis.spring.mapper.MapperFactoryBean] is not eligible for getting processed by all BeanPostProcessors (for example: not eligible for auto-proxying)
2018-04-13 23:20:51.206  INFO 34146 --- [restartedMain] trationDelegate$BeanPostProcessorChecker : Bean 'userMapper' of type [com.sun.proxy.$Proxy75] is not eligible for getting processed by all BeanPostProcessors (for example: not eligible for auto-proxying)
2018-04-13 23:20:51.207  INFO 34146 --- [restartedMain] trationDelegate$BeanPostProcessorChecker : Bean 'userServiceImpl' of type [com.manjushirwa.service.impl.UserServiceImpl] is not eligible for getting processed by all BeanPostProcessors (for example: not eligible for auto-proxying)
2018-04-13 23:20:51.208  INFO 34146 --- [restartedMain] trationDelegate$BeanPostProcessorChecker : Bean 'myShiroRealm' of type [com.manjushirwa.kits.shiro.MyShiroRealm] is not eligible for getting processed by all BeanPostProcessors (for example: not eligible for auto-proxying)
2018-04-13 23:20:51.212  INFO 34146 --- [restartedMain] trationDelegate$BeanPostProcessorChecker : Bean 'ehCacheManager' of type [org.apache.shiro.cache.ehcache.EhCacheManager] is not eligible for getting processed by all BeanPostProcessors (for example: not eligible for auto-proxying)
2018-04-13 23:20:51.279  INFO 34146 --- [restartedMain] o.a.shiro.cache.ehcache.EhCacheManager   : Cache with name 'com.manjushirwa.kits.shiro.MyShiroRealm.authorizationCache' does not yet exist.  Creating now.
2018-04-13 23:20:51.281  INFO 34146 --- [restartedMain] o.a.shiro.cache.ehcache.EhCacheManager   : Added EhCache named [com.manjushirwa.kits.shiro.MyShiroRealm.authorizationCache]
2018-04-13 23:20:51.286  INFO 34146 --- [restartedMain] trationDelegate$BeanPostProcessorChecker : Bean 'rememberMeCookie' of type [org.apache.shiro.web.servlet.SimpleCookie] is not eligible for getting processed by all BeanPostProcessors (for example: not eligible for auto-proxying)
2018-04-13 23:20:51.290  INFO 34146 --- [restartedMain] trationDelegate$BeanPostProcessorChecker : Bean 'rememberMeManager' of type [org.apache.shiro.web.mgt.CookieRememberMeManager] is not eligible for getting processed by all BeanPostProcessors (for example: not eligible for auto-proxying)
2018-04-13 23:20:51.301  INFO 34146 --- [restartedMain] trationDelegate$BeanPostProcessorChecker : Bean 'securityManager' of type [org.apache.shiro.web.mgt.DefaultWebSecurityManager] is not eligible for getting processed by all BeanPostProcessors (for example: not eligible for auto-proxying)
2018-04-13 23:20:51.312  INFO 34146 --- [restartedMain] trationDelegate$BeanPostProcessorChecker : Bean 'authorizationAttributeSourceAdvisor' of type [org.apache.shiro.spring.security.interceptor.AuthorizationAttributeSourceAdvisor] is not eligible for getting processed by all BeanPostProcessors (for example: not eligible for auto-proxying)
2018-04-13 23:20:51.725  INFO 34146 --- [restartedMain] s.b.c.e.t.TomcatEmbeddedServletContainer : Tomcat initialized with port(s): 8092 (http)
2018-04-13 23:20:51.733  INFO 34146 --- [restartedMain] o.apache.catalina.core.StandardService   : Starting service [Tomcat]
2018-04-13 23:20:51.734  INFO 34146 --- [restartedMain] org.apache.catalina.core.StandardEngine  : Starting Servlet Engine: Apache Tomcat/8.5.27
2018-04-13 23:20:51.791  INFO 34146 --- [localhost-startStop-1] o.a.c.c.C.[Tomcat].[localhost].[/]       : Initializing Spring embedded WebApplicationContext
2018-04-13 23:20:51.792  INFO 34146 --- [localhost-startStop-1] o.s.web.context.ContextLoader            : Root WebApplicationContext: initialization completed in 5789 ms
2018-04-13 23:20:51.961  INFO 34146 --- [localhost-startStop-1] o.s.b.w.servlet.ServletRegistrationBean  : Mapping servlet: 'dispatcherServlet' to [/]
2018-04-13 23:20:51.965  INFO 34146 --- [localhost-startStop-1] o.s.b.w.servlet.FilterRegistrationBean   : Mapping filter: 'characterEncodingFilter' to: [/*]
2018-04-13 23:20:51.965  INFO 34146 --- [localhost-startStop-1] o.s.b.w.servlet.FilterRegistrationBean   : Mapping filter: 'hiddenHttpMethodFilter' to: [/*]
2018-04-13 23:20:51.965  INFO 34146 --- [localhost-startStop-1] o.s.b.w.servlet.FilterRegistrationBean   : Mapping filter: 'httpPutFormContentFilter' to: [/*]
2018-04-13 23:20:51.965  INFO 34146 --- [localhost-startStop-1] o.s.b.w.servlet.FilterRegistrationBean   : Mapping filter: 'requestContextFilter' to: [/*]
2018-04-13 23:20:51.966  INFO 34146 --- [localhost-startStop-1] o.s.b.w.servlet.FilterRegistrationBean   : Mapping filter: 'shiroFilter' to: [/*]
2018-04-13 23:20:53.338  WARN 34146 --- [restartedMain] o.s.b.d.a.OptionalLiveReloadServer       : Unable to start LiveReload server
2018-04-13 23:20:53.406  INFO 34146 --- [restartedMain] o.s.j.e.a.AnnotationMBeanExporter        : Registering beans for JMX exposure on startup
2018-04-13 23:20:53.407  INFO 34146 --- [restartedMain] o.s.j.e.a.AnnotationMBeanExporter        : Bean with name 'singleDatasource' has been autodetected for JMX exposure
2018-04-13 23:20:53.413  INFO 34146 --- [restartedMain] o.s.j.e.a.AnnotationMBeanExporter        : Located MBean 'singleDatasource': registering with JMX server as MBean [com.alibaba.druid.pool:name=singleDatasource,type=DruidDataSource]
2018-04-13 23:20:53.463  INFO 34146 --- [restartedMain] s.b.c.e.t.TomcatEmbeddedServletContainer : Tomcat started on port(s): 8092 (http)
2018-04-13 23:20:53.468  INFO 34146 --- [restartedMain] com.manjushirwa.AdminWebApplication      : Started AdminWebApplication in 8.06 seconds (JVM running for 8.61)
2018-04-13 23:20:56.887  INFO 34146 --- [http-nio-8092-exec-1] o.apache.tomcat.util.http.parser.Cookie  : A cookie header was received [1521983412,1522761679,1522836227; JSESSIONID=92488295D54C4A44841D6B148B20749A] that contained an invalid cookie. That cookie will be ignored.Note: further occurrences of this error will be logged at DEBUG level.
2018-04-13 23:20:56.892  INFO 34146 --- [http-nio-8092-exec-1] o.a.c.c.C.[Tomcat].[localhost].[/]       : Initializing Spring FrameworkServlet 'dispatcherServlet'
2018-04-13 23:21:17.909  INFO 34146 --- [Thread-25] ationConfigEmbeddedWebApplicationContext : Closing org.springframework.boot.context.embedded.AnnotationConfigEmbeddedWebApplicationContext@aaa13b3: startup date [Fri Apr 13 23:20:46 CST 2018]; root of context hierarchy
2018-04-13 23:21:17.911  INFO 34146 --- [Thread-25] o.s.j.e.a.AnnotationMBeanExporter        : Unregistering JMX-exposed beans on shutdown
2018-04-13 23:21:17.911  INFO 34146 --- [Thread-25] o.s.j.e.a.AnnotationMBeanExporter        : Unregistering JMX-exposed beans
2018-04-13 23:21:17.949  INFO 34146 --- [Thread-25] com.alibaba.druid.pool.DruidDataSource   : {dataSource-1} closed
2018-04-13 23:21:22.751  INFO 34157 --- [restartedMain] com.manjushirwa.AdminWebApplication      : Starting AdminWebApplication on macdeMacBook-Pro.local with PID 34157 (started by Ciaoyen in /Users/mac/Library/Mobile Documents/com~apple~CloudDocs/testspace/manju-platform)
2018-04-13 23:21:22.752  INFO 34157 --- [restartedMain] com.manjushirwa.AdminWebApplication      : The following profiles are active: dev
2018-04-13 23:21:23.010  INFO 34157 --- [restartedMain] ationConfigEmbeddedWebApplicationContext : Refreshing org.springframework.boot.context.embedded.AnnotationConfigEmbeddedWebApplicationContext@5561e8bd: startup date [Fri Apr 13 23:21:23 CST 2018]; root of context hierarchy
2018-04-13 23:21:24.068  INFO 34157 --- [restartedMain] trationDelegate$BeanPostProcessorChecker : Bean 'org.springframework.transaction.annotation.ProxyTransactionManagementConfiguration' of type [org.springframework.transaction.annotation.ProxyTransactionManagementConfiguration$$EnhancerBySpringCGLIB$$8025ef1a] is not eligible for getting processed by all BeanPostProcessors (for example: not eligible for auto-proxying)
2018-04-13 23:21:24.109  INFO 34157 --- [restartedMain] trationDelegate$BeanPostProcessorChecker : Bean 'shiroConfig' of type [com.manjushirwa.config.ShiroConfig$$EnhancerBySpringCGLIB$$a3dd2b94] is not eligible for getting processed by all BeanPostProcessors (for example: not eligible for auto-proxying)
2018-04-13 23:21:24.250  INFO 34157 --- [restartedMain] trationDelegate$BeanPostProcessorChecker : Bean 'hashedCredentialsMatcher' of type [org.apache.shiro.authc.credential.HashedCredentialsMatcher] is not eligible for getting processed by all BeanPostProcessors (for example: not eligible for auto-proxying)
2018-04-13 23:21:24.468  INFO 34157 --- [restartedMain] trationDelegate$BeanPostProcessorChecker : Bean 'mybatis-plus-com.baomidou.mybatisplus.spring.boot.starter.MybatisPlusProperties' of type [com.baomidou.mybatisplus.spring.boot.starter.MybatisPlusProperties] is not eligible for getting processed by all BeanPostProcessors (for example: not eligible for auto-proxying)
2018-04-13 23:21:24.505  INFO 34157 --- [restartedMain] trationDelegate$BeanPostProcessorChecker : Bean 'druidProperties' of type [com.manjushirwa.config.properties.DruidProperties] is not eligible for getting processed by all BeanPostProcessors (for example: not eligible for auto-proxying)
2018-04-13 23:21:24.511  INFO 34157 --- [restartedMain] trationDelegate$BeanPostProcessorChecker : Bean 'mutiDataSourceProperties' of type [com.manjushirwa.config.properties.MutiDataSourceProperties] is not eligible for getting processed by all BeanPostProcessors (for example: not eligible for auto-proxying)
2018-04-13 23:21:24.512  INFO 34157 --- [restartedMain] trationDelegate$BeanPostProcessorChecker : Bean 'mybatisPlusConfig' of type [com.manjushirwa.config.MybatisPlusConfig$$EnhancerBySpringCGLIB$$8476e4b0] is not eligible for getting processed by all BeanPostProcessors (for example: not eligible for auto-proxying)
2018-04-13 23:21:24.524  INFO 34157 --- [restartedMain] trationDelegate$BeanPostProcessorChecker : Bean 'paginationInterceptor' of type [com.baomidou.mybatisplus.plugins.PaginationInterceptor] is not eligible for getting processed by all BeanPostProcessors (for example: not eligible for auto-proxying)
2018-04-13 23:21:24.537  INFO 34157 --- [restartedMain] trationDelegate$BeanPostProcessorChecker : Bean 'com.baomidou.mybatisplus.spring.boot.starter.MybatisPlusAutoConfiguration' of type [com.baomidou.mybatisplus.spring.boot.starter.MybatisPlusAutoConfiguration$$EnhancerBySpringCGLIB$$cdc58d77] is not eligible for getting processed by all BeanPostProcessors (for example: not eligible for auto-proxying)
2018-04-13 23:21:24.589  INFO 34157 --- [restartedMain] trationDelegate$BeanPostProcessorChecker : Bean 'singleDatasource' of type [com.alibaba.druid.pool.DruidDataSource] is not eligible for getting processed by all BeanPostProcessors (for example: not eligible for auto-proxying)
2018-04-13 23:21:24.604  INFO 34157 --- [restartedMain] trationDelegate$BeanPostProcessorChecker : Bean 'org.springframework.boot.autoconfigure.jdbc.DataSourceAutoConfiguration' of type [org.springframework.boot.autoconfigure.jdbc.DataSourceAutoConfiguration$$EnhancerBySpringCGLIB$$6219927a] is not eligible for getting processed by all BeanPostProcessors (for example: not eligible for auto-proxying)
2018-04-13 23:21:24.626  INFO 34157 --- [restartedMain] trationDelegate$BeanPostProcessorChecker : Bean 'spring.datasource-org.springframework.boot.autoconfigure.jdbc.DataSourceProperties' of type [org.springframework.boot.autoconfigure.jdbc.DataSourceProperties] is not eligible for getting processed by all BeanPostProcessors (for example: not eligible for auto-proxying)
2018-04-13 23:21:24.637  INFO 34157 --- [restartedMain] trationDelegate$BeanPostProcessorChecker : Bean 'dataSourceInitializer' of type [org.springframework.boot.autoconfigure.jdbc.DataSourceInitializer] is not eligible for getting processed by all BeanPostProcessors (for example: not eligible for auto-proxying)
2018-04-13 23:21:26.314  INFO 34157 --- [restartedMain] com.alibaba.druid.pool.DruidDataSource   : {dataSource-1} inited
2018-04-13 23:21:26.608  INFO 34157 --- [restartedMain] trationDelegate$BeanPostProcessorChecker : Bean 'sqlSessionFactory' of type [org.apache.ibatis.session.defaults.DefaultSqlSessionFactory] is not eligible for getting processed by all BeanPostProcessors (for example: not eligible for auto-proxying)
2018-04-13 23:21:26.613  INFO 34157 --- [restartedMain] trationDelegate$BeanPostProcessorChecker : Bean 'sqlSessionTemplate' of type [org.mybatis.spring.SqlSessionTemplate] is not eligible for getting processed by all BeanPostProcessors (for example: not eligible for auto-proxying)
2018-04-13 23:21:26.614  INFO 34157 --- [restartedMain] trationDelegate$BeanPostProcessorChecker : Bean 'userMapper' of type [org.mybatis.spring.mapper.MapperFactoryBean] is not eligible for getting processed by all BeanPostProcessors (for example: not eligible for auto-proxying)
2018-04-13 23:21:26.616  INFO 34157 --- [restartedMain] trationDelegate$BeanPostProcessorChecker : Bean 'userMapper' of type [com.sun.proxy.$Proxy75] is not eligible for getting processed by all BeanPostProcessors (for example: not eligible for auto-proxying)
2018-04-13 23:21:26.617  INFO 34157 --- [restartedMain] trationDelegate$BeanPostProcessorChecker : Bean 'userServiceImpl' of type [com.manjushirwa.service.impl.UserServiceImpl] is not eligible for getting processed by all BeanPostProcessors (for example: not eligible for auto-proxying)
2018-04-13 23:21:26.617  INFO 34157 --- [restartedMain] trationDelegate$BeanPostProcessorChecker : Bean 'myShiroRealm' of type [com.manjushirwa.kits.shiro.MyShiroRealm] is not eligible for getting processed by all BeanPostProcessors (for example: not eligible for auto-proxying)
2018-04-13 23:21:26.622  INFO 34157 --- [restartedMain] trationDelegate$BeanPostProcessorChecker : Bean 'ehCacheManager' of type [org.apache.shiro.cache.ehcache.EhCacheManager] is not eligible for getting processed by all BeanPostProcessors (for example: not eligible for auto-proxying)
2018-04-13 23:21:26.687  INFO 34157 --- [restartedMain] o.a.shiro.cache.ehcache.EhCacheManager   : Cache with name 'com.manjushirwa.kits.shiro.MyShiroRealm.authorizationCache' does not yet exist.  Creating now.
2018-04-13 23:21:26.689  INFO 34157 --- [restartedMain] o.a.shiro.cache.ehcache.EhCacheManager   : Added EhCache named [com.manjushirwa.kits.shiro.MyShiroRealm.authorizationCache]
2018-04-13 23:21:26.694  INFO 34157 --- [restartedMain] trationDelegate$BeanPostProcessorChecker : Bean 'rememberMeCookie' of type [org.apache.shiro.web.servlet.SimpleCookie] is not eligible for getting processed by all BeanPostProcessors (for example: not eligible for auto-proxying)
2018-04-13 23:21:26.698  INFO 34157 --- [restartedMain] trationDelegate$BeanPostProcessorChecker : Bean 'rememberMeManager' of type [org.apache.shiro.web.mgt.CookieRememberMeManager] is not eligible for getting processed by all BeanPostProcessors (for example: not eligible for auto-proxying)
2018-04-13 23:21:26.709  INFO 34157 --- [restartedMain] trationDelegate$BeanPostProcessorChecker : Bean 'securityManager' of type [org.apache.shiro.web.mgt.DefaultWebSecurityManager] is not eligible for getting processed by all BeanPostProcessors (for example: not eligible for auto-proxying)
2018-04-13 23:21:26.719  INFO 34157 --- [restartedMain] trationDelegate$BeanPostProcessorChecker : Bean 'authorizationAttributeSourceAdvisor' of type [org.apache.shiro.spring.security.interceptor.AuthorizationAttributeSourceAdvisor] is not eligible for getting processed by all BeanPostProcessors (for example: not eligible for auto-proxying)
2018-04-13 23:21:27.151  INFO 34157 --- [restartedMain] s.b.c.e.t.TomcatEmbeddedServletContainer : Tomcat initialized with port(s): 8092 (http)
2018-04-13 23:21:27.160  INFO 34157 --- [restartedMain] o.apache.catalina.core.StandardService   : Starting service [Tomcat]
2018-04-13 23:21:27.160  INFO 34157 --- [restartedMain] org.apache.catalina.core.StandardEngine  : Starting Servlet Engine: Apache Tomcat/8.5.27
2018-04-13 23:21:27.220  INFO 34157 --- [localhost-startStop-1] o.a.c.c.C.[Tomcat].[localhost].[/]       : Initializing Spring embedded WebApplicationContext
2018-04-13 23:21:27.220  INFO 34157 --- [localhost-startStop-1] o.s.web.context.ContextLoader            : Root WebApplicationContext: initialization completed in 4213 ms
2018-04-13 23:21:27.390  INFO 34157 --- [localhost-startStop-1] o.s.b.w.servlet.ServletRegistrationBean  : Mapping servlet: 'dispatcherServlet' to [/]
2018-04-13 23:21:27.398  INFO 34157 --- [localhost-startStop-1] o.s.b.w.servlet.FilterRegistrationBean   : Mapping filter: 'characterEncodingFilter' to: [/*]
2018-04-13 23:21:27.399  INFO 34157 --- [localhost-startStop-1] o.s.b.w.servlet.FilterRegistrationBean   : Mapping filter: 'hiddenHttpMethodFilter' to: [/*]
2018-04-13 23:21:27.399  INFO 34157 --- [localhost-startStop-1] o.s.b.w.servlet.FilterRegistrationBean   : Mapping filter: 'httpPutFormContentFilter' to: [/*]
2018-04-13 23:21:27.399  INFO 34157 --- [localhost-startStop-1] o.s.b.w.servlet.FilterRegistrationBean   : Mapping filter: 'requestContextFilter' to: [/*]
2018-04-13 23:21:27.399  INFO 34157 --- [localhost-startStop-1] o.s.b.w.servlet.FilterRegistrationBean   : Mapping filter: 'shiroFilter' to: [/*]
2018-04-13 23:21:28.797  INFO 34157 --- [restartedMain] o.s.b.d.a.OptionalLiveReloadServer       : LiveReload server is running on port 35729
2018-04-13 23:21:28.853  INFO 34157 --- [restartedMain] o.s.j.e.a.AnnotationMBeanExporter        : Registering beans for JMX exposure on startup
2018-04-13 23:21:28.854  INFO 34157 --- [restartedMain] o.s.j.e.a.AnnotationMBeanExporter        : Bean with name 'singleDatasource' has been autodetected for JMX exposure
2018-04-13 23:21:28.860  INFO 34157 --- [restartedMain] o.s.j.e.a.AnnotationMBeanExporter        : Located MBean 'singleDatasource': registering with JMX server as MBean [com.alibaba.druid.pool:name=singleDatasource,type=DruidDataSource]
2018-04-13 23:21:28.910  INFO 34157 --- [restartedMain] s.b.c.e.t.TomcatEmbeddedServletContainer : Tomcat started on port(s): 8092 (http)
2018-04-13 23:21:28.916  INFO 34157 --- [restartedMain] com.manjushirwa.AdminWebApplication      : Started AdminWebApplication in 6.529 seconds (JVM running for 7.05)
2018-04-13 23:21:31.693  INFO 34157 --- [http-nio-8092-exec-1] o.apache.tomcat.util.http.parser.Cookie  : A cookie header was received [1521983412,1522761679,1522836227; JSESSIONID=92488295D54C4A44841D6B148B20749A] that contained an invalid cookie. That cookie will be ignored.Note: further occurrences of this error will be logged at DEBUG level.
2018-04-13 23:21:31.698  INFO 34157 --- [http-nio-8092-exec-1] o.a.c.c.C.[Tomcat].[localhost].[/]       : Initializing Spring FrameworkServlet 'dispatcherServlet'
2018-04-13 23:23:11.255  INFO 34157 --- [http-nio-8092-exec-8] com.manjushirwa.kits.shiro.LoginFilter   : loginFilter.executeLogin
2018-04-13 23:23:11.256  INFO 34157 --- [http-nio-8092-exec-8] com.manjushirwa.kits.shiro.MyShiroRealm  : MyShiroRealm.doGetAuthenticationInfo()
2018-04-13 23:28:35.894  INFO 34157 --- [http-nio-8092-exec-5] com.manjushirwa.kits.shiro.LoginFilter   : loginFilter.executeLogin
2018-04-13 23:28:35.895  INFO 34157 --- [http-nio-8092-exec-5] com.manjushirwa.kits.shiro.MyShiroRealm  : MyShiroRealm.doGetAuthenticationInfo()
2018-04-13 23:55:47.394  INFO 34157 --- [Thread-22] ationConfigEmbeddedWebApplicationContext : Closing org.springframework.boot.context.embedded.AnnotationConfigEmbeddedWebApplicationContext@5561e8bd: startup date [Fri Apr 13 23:21:23 CST 2018]; root of context hierarchy
2018-04-13 23:55:47.400  INFO 34157 --- [Thread-22] o.s.j.e.a.AnnotationMBeanExporter        : Unregistering JMX-exposed beans on shutdown
2018-04-13 23:55:47.400  INFO 34157 --- [Thread-22] o.s.j.e.a.AnnotationMBeanExporter        : Unregistering JMX-exposed beans
2018-04-13 23:55:47.405  INFO 34157 --- [Thread-22] com.alibaba.druid.pool.DruidDataSource   : {dataSource-1} closed
2018-04-13 23:55:53.394  INFO 34406 --- [restartedMain] com.manjushirwa.AdminWebApplication      : Starting AdminWebApplication on macdeMacBook-Pro.local with PID 34406 (started by Ciaoyen in /Users/mac/Library/Mobile Documents/com~apple~CloudDocs/testspace/manju-platform)
2018-04-13 23:55:53.395  INFO 34406 --- [restartedMain] com.manjushirwa.AdminWebApplication      : The following profiles are active: dev
2018-04-13 23:55:53.614  INFO 34406 --- [restartedMain] ationConfigEmbeddedWebApplicationContext : Refreshing org.springframework.boot.context.embedded.AnnotationConfigEmbeddedWebApplicationContext@62715dce: startup date [Fri Apr 13 23:55:53 CST 2018]; root of context hierarchy
2018-04-13 23:55:54.682  INFO 34406 --- [restartedMain] trationDelegate$BeanPostProcessorChecker : Bean 'org.springframework.transaction.annotation.ProxyTransactionManagementConfiguration' of type [org.springframework.transaction.annotation.ProxyTransactionManagementConfiguration$$EnhancerBySpringCGLIB$$126ae0f2] is not eligible for getting processed by all BeanPostProcessors (for example: not eligible for auto-proxying)
2018-04-13 23:55:54.729  INFO 34406 --- [restartedMain] trationDelegate$BeanPostProcessorChecker : Bean 'shiroConfig' of type [com.manjushirwa.config.ShiroConfig$$EnhancerBySpringCGLIB$$36221d6c] is not eligible for getting processed by all BeanPostProcessors (for example: not eligible for auto-proxying)
2018-04-13 23:55:54.891  INFO 34406 --- [restartedMain] trationDelegate$BeanPostProcessorChecker : Bean 'hashedCredentialsMatcher' of type [org.apache.shiro.authc.credential.HashedCredentialsMatcher] is not eligible for getting processed by all BeanPostProcessors (for example: not eligible for auto-proxying)
2018-04-13 23:55:55.167  INFO 34406 --- [restartedMain] trationDelegate$BeanPostProcessorChecker : Bean 'mybatis-plus-com.baomidou.mybatisplus.spring.boot.starter.MybatisPlusProperties' of type [com.baomidou.mybatisplus.spring.boot.starter.MybatisPlusProperties] is not eligible for getting processed by all BeanPostProcessors (for example: not eligible for auto-proxying)
2018-04-13 23:55:55.192  INFO 34406 --- [restartedMain] trationDelegate$BeanPostProcessorChecker : Bean 'druidProperties' of type [com.manjushirwa.config.properties.DruidProperties] is not eligible for getting processed by all BeanPostProcessors (for example: not eligible for auto-proxying)
2018-04-13 23:55:55.201  INFO 34406 --- [restartedMain] trationDelegate$BeanPostProcessorChecker : Bean 'mutiDataSourceProperties' of type [com.manjushirwa.config.properties.MutiDataSourceProperties] is not eligible for getting processed by all BeanPostProcessors (for example: not eligible for auto-proxying)
2018-04-13 23:55:55.202  INFO 34406 --- [restartedMain] trationDelegate$BeanPostProcessorChecker : Bean 'mybatisPlusConfig' of type [com.manjushirwa.config.MybatisPlusConfig$$EnhancerBySpringCGLIB$$16bbd688] is not eligible for getting processed by all BeanPostProcessors (for example: not eligible for auto-proxying)
2018-04-13 23:55:55.212  INFO 34406 --- [restartedMain] trationDelegate$BeanPostProcessorChecker : Bean 'paginationInterceptor' of type [com.baomidou.mybatisplus.plugins.PaginationInterceptor] is not eligible for getting processed by all BeanPostProcessors (for example: not eligible for auto-proxying)
2018-04-13 23:55:55.224  INFO 34406 --- [restartedMain] trationDelegate$BeanPostProcessorChecker : Bean 'com.baomidou.mybatisplus.spring.boot.starter.MybatisPlusAutoConfiguration' of type [com.baomidou.mybatisplus.spring.boot.starter.MybatisPlusAutoConfiguration$$EnhancerBySpringCGLIB$$600a7f4f] is not eligible for getting processed by all BeanPostProcessors (for example: not eligible for auto-proxying)
2018-04-13 23:55:55.270  INFO 34406 --- [restartedMain] trationDelegate$BeanPostProcessorChecker : Bean 'singleDatasource' of type [com.alibaba.druid.pool.DruidDataSource] is not eligible for getting processed by all BeanPostProcessors (for example: not eligible for auto-proxying)
2018-04-13 23:55:55.278  INFO 34406 --- [restartedMain] trationDelegate$BeanPostProcessorChecker : Bean 'org.springframework.boot.autoconfigure.jdbc.DataSourceAutoConfiguration' of type [org.springframework.boot.autoconfigure.jdbc.DataSourceAutoConfiguration$$EnhancerBySpringCGLIB$$f45e8452] is not eligible for getting processed by all BeanPostProcessors (for example: not eligible for auto-proxying)
2018-04-13 23:55:55.298  INFO 34406 --- [restartedMain] trationDelegate$BeanPostProcessorChecker : Bean 'spring.datasource-org.springframework.boot.autoconfigure.jdbc.DataSourceProperties' of type [org.springframework.boot.autoconfigure.jdbc.DataSourceProperties] is not eligible for getting processed by all BeanPostProcessors (for example: not eligible for auto-proxying)
2018-04-13 23:55:55.306  INFO 34406 --- [restartedMain] trationDelegate$BeanPostProcessorChecker : Bean 'dataSourceInitializer' of type [org.springframework.boot.autoconfigure.jdbc.DataSourceInitializer] is not eligible for getting processed by all BeanPostProcessors (for example: not eligible for auto-proxying)
2018-04-13 23:55:57.133  INFO 34406 --- [restartedMain] com.alibaba.druid.pool.DruidDataSource   : {dataSource-1} inited
2018-04-13 23:55:57.421  INFO 34406 --- [restartedMain] trationDelegate$BeanPostProcessorChecker : Bean 'sqlSessionFactory' of type [org.apache.ibatis.session.defaults.DefaultSqlSessionFactory] is not eligible for getting processed by all BeanPostProcessors (for example: not eligible for auto-proxying)
2018-04-13 23:55:57.427  INFO 34406 --- [restartedMain] trationDelegate$BeanPostProcessorChecker : Bean 'sqlSessionTemplate' of type [org.mybatis.spring.SqlSessionTemplate] is not eligible for getting processed by all BeanPostProcessors (for example: not eligible for auto-proxying)
2018-04-13 23:55:57.428  INFO 34406 --- [restartedMain] trationDelegate$BeanPostProcessorChecker : Bean 'userMapper' of type [org.mybatis.spring.mapper.MapperFactoryBean] is not eligible for getting processed by all BeanPostProcessors (for example: not eligible for auto-proxying)
2018-04-13 23:55:57.430  INFO 34406 --- [restartedMain] trationDelegate$BeanPostProcessorChecker : Bean 'userMapper' of type [com.sun.proxy.$Proxy75] is not eligible for getting processed by all BeanPostProcessors (for example: not eligible for auto-proxying)
2018-04-13 23:55:57.431  INFO 34406 --- [restartedMain] trationDelegate$BeanPostProcessorChecker : Bean 'userServiceImpl' of type [com.manjushirwa.service.impl.UserServiceImpl] is not eligible for getting processed by all BeanPostProcessors (for example: not eligible for auto-proxying)
2018-04-13 23:55:57.431  INFO 34406 --- [restartedMain] trationDelegate$BeanPostProcessorChecker : Bean 'myShiroRealm' of type [com.manjushirwa.kits.shiro.MyShiroRealm] is not eligible for getting processed by all BeanPostProcessors (for example: not eligible for auto-proxying)
2018-04-13 23:55:57.436  INFO 34406 --- [restartedMain] trationDelegate$BeanPostProcessorChecker : Bean 'ehCacheManager' of type [org.apache.shiro.cache.ehcache.EhCacheManager] is not eligible for getting processed by all BeanPostProcessors (for example: not eligible for auto-proxying)
2018-04-13 23:55:57.506  INFO 34406 --- [restartedMain] o.a.shiro.cache.ehcache.EhCacheManager   : Cache with name 'com.manjushirwa.kits.shiro.MyShiroRealm.authorizationCache' does not yet exist.  Creating now.
2018-04-13 23:55:57.508  INFO 34406 --- [restartedMain] o.a.shiro.cache.ehcache.EhCacheManager   : Added EhCache named [com.manjushirwa.kits.shiro.MyShiroRealm.authorizationCache]
2018-04-13 23:55:57.513  INFO 34406 --- [restartedMain] trationDelegate$BeanPostProcessorChecker : Bean 'rememberMeCookie' of type [org.apache.shiro.web.servlet.SimpleCookie] is not eligible for getting processed by all BeanPostProcessors (for example: not eligible for auto-proxying)
2018-04-13 23:55:57.518  INFO 34406 --- [restartedMain] trationDelegate$BeanPostProcessorChecker : Bean 'rememberMeManager' of type [org.apache.shiro.web.mgt.CookieRememberMeManager] is not eligible for getting processed by all BeanPostProcessors (for example: not eligible for auto-proxying)
2018-04-13 23:55:57.532  INFO 34406 --- [restartedMain] trationDelegate$BeanPostProcessorChecker : Bean 'securityManager' of type [org.apache.shiro.web.mgt.DefaultWebSecurityManager] is not eligible for getting processed by all BeanPostProcessors (for example: not eligible for auto-proxying)
2018-04-13 23:55:57.545  INFO 34406 --- [restartedMain] trationDelegate$BeanPostProcessorChecker : Bean 'authorizationAttributeSourceAdvisor' of type [org.apache.shiro.spring.security.interceptor.AuthorizationAttributeSourceAdvisor] is not eligible for getting processed by all BeanPostProcessors (for example: not eligible for auto-proxying)
2018-04-13 23:55:57.953  INFO 34406 --- [restartedMain] s.b.c.e.t.TomcatEmbeddedServletContainer : Tomcat initialized with port(s): 8092 (http)
2018-04-13 23:55:57.961  INFO 34406 --- [restartedMain] o.apache.catalina.core.StandardService   : Starting service [Tomcat]
2018-04-13 23:55:57.962  INFO 34406 --- [restartedMain] org.apache.catalina.core.StandardEngine  : Starting Servlet Engine: Apache Tomcat/8.5.27
2018-04-13 23:55:58.021  INFO 34406 --- [localhost-startStop-1] o.a.c.c.C.[Tomcat].[localhost].[/]       : Initializing Spring embedded WebApplicationContext
2018-04-13 23:55:58.022  INFO 34406 --- [localhost-startStop-1] o.s.web.context.ContextLoader            : Root WebApplicationContext: initialization completed in 4412 ms
2018-04-13 23:55:58.202  INFO 34406 --- [localhost-startStop-1] o.s.b.w.servlet.ServletRegistrationBean  : Mapping servlet: 'dispatcherServlet' to [/]
2018-04-13 23:55:58.210  INFO 34406 --- [localhost-startStop-1] o.s.b.w.servlet.FilterRegistrationBean   : Mapping filter: 'characterEncodingFilter' to: [/*]
2018-04-13 23:55:58.212  INFO 34406 --- [localhost-startStop-1] o.s.b.w.servlet.FilterRegistrationBean   : Mapping filter: 'hiddenHttpMethodFilter' to: [/*]
2018-04-13 23:55:58.213  INFO 34406 --- [localhost-startStop-1] o.s.b.w.servlet.FilterRegistrationBean   : Mapping filter: 'httpPutFormContentFilter' to: [/*]
2018-04-13 23:55:58.213  INFO 34406 --- [localhost-startStop-1] o.s.b.w.servlet.FilterRegistrationBean   : Mapping filter: 'requestContextFilter' to: [/*]
2018-04-13 23:55:58.213  INFO 34406 --- [localhost-startStop-1] o.s.b.w.servlet.FilterRegistrationBean   : Mapping filter: 'shiroFilter' to: [/*]
2018-04-13 23:55:59.668  INFO 34406 --- [restartedMain] o.s.b.d.a.OptionalLiveReloadServer       : LiveReload server is running on port 35729
2018-04-13 23:55:59.727  INFO 34406 --- [restartedMain] o.s.j.e.a.AnnotationMBeanExporter        : Registering beans for JMX exposure on startup
2018-04-13 23:55:59.728  INFO 34406 --- [restartedMain] o.s.j.e.a.AnnotationMBeanExporter        : Bean with name 'singleDatasource' has been autodetected for JMX exposure
2018-04-13 23:55:59.734  INFO 34406 --- [restartedMain] o.s.j.e.a.AnnotationMBeanExporter        : Located MBean 'singleDatasource': registering with JMX server as MBean [com.alibaba.druid.pool:name=singleDatasource,type=DruidDataSource]
2018-04-13 23:55:59.783  INFO 34406 --- [restartedMain] s.b.c.e.t.TomcatEmbeddedServletContainer : Tomcat started on port(s): 8092 (http)
2018-04-13 23:55:59.788  INFO 34406 --- [restartedMain] com.manjushirwa.AdminWebApplication      : Started AdminWebApplication in 6.815 seconds (JVM running for 7.615)
2018-04-13 23:56:02.814  INFO 34406 --- [http-nio-8092-exec-1] o.apache.tomcat.util.http.parser.Cookie  : A cookie header was received [1521983412,1522761679,1522836227; JSESSIONID=40D7C0AA40940BED66F91F6095AF5A90] that contained an invalid cookie. That cookie will be ignored.Note: further occurrences of this error will be logged at DEBUG level.
2018-04-13 23:56:02.820  INFO 34406 --- [http-nio-8092-exec-1] o.a.c.c.C.[Tomcat].[localhost].[/]       : Initializing Spring FrameworkServlet 'dispatcherServlet'
2018-04-13 23:57:13.641  INFO 34406 --- [http-nio-8092-exec-8] com.manjushirwa.kits.shiro.LoginFilter   : loginFilter.executeLogin
2018-04-13 23:57:13.642  INFO 34406 --- [http-nio-8092-exec-8] com.manjushirwa.kits.shiro.MyShiroRealm  : MyShiroRealm.doGetAuthenticationInfo()
2018-04-14 06:58:12.514  INFO 34406 --- [Thread-24] ationConfigEmbeddedWebApplicationContext : Closing org.springframework.boot.context.embedded.AnnotationConfigEmbeddedWebApplicationContext@62715dce: startup date [Fri Apr 13 23:55:53 CST 2018]; root of context hierarchy
2018-04-14 06:58:12.519  INFO 34406 --- [Thread-24] o.s.j.e.a.AnnotationMBeanExporter        : Unregistering JMX-exposed beans on shutdown
2018-04-14 06:58:12.519  INFO 34406 --- [Thread-24] o.s.j.e.a.AnnotationMBeanExporter        : Unregistering JMX-exposed beans
2018-04-14 06:58:12.524  INFO 34406 --- [Thread-24] com.alibaba.druid.pool.DruidDataSource   : {dataSource-1} closed
2018-04-14 07:05:02.753  INFO 34858 --- [restartedMain] com.manjushirwa.AdminWebApplication      : Starting AdminWebApplication on macdeMacBook-Pro.local with PID 34858 (started by Ciaoyen in /Users/mac/Library/Mobile Documents/com~apple~CloudDocs/testspace/manju-platform)
2018-04-14 07:05:02.754  INFO 34858 --- [restartedMain] com.manjushirwa.AdminWebApplication      : The following profiles are active: dev
2018-04-14 07:05:03.420  INFO 34858 --- [restartedMain] ationConfigEmbeddedWebApplicationContext : Refreshing org.springframework.boot.context.embedded.AnnotationConfigEmbeddedWebApplicationContext@30d6eae2: startup date [Sat Apr 14 07:05:03 CST 2018]; root of context hierarchy
2018-04-14 07:05:06.063  INFO 34858 --- [restartedMain] trationDelegate$BeanPostProcessorChecker : Bean 'org.springframework.transaction.annotation.ProxyTransactionManagementConfiguration' of type [org.springframework.transaction.annotation.ProxyTransactionManagementConfiguration$$EnhancerBySpringCGLIB$$4a4937b1] is not eligible for getting processed by all BeanPostProcessors (for example: not eligible for auto-proxying)
2018-04-14 07:05:06.126  INFO 34858 --- [restartedMain] trationDelegate$BeanPostProcessorChecker : Bean 'shiroConfig' of type [com.manjushirwa.config.ShiroConfig$$EnhancerBySpringCGLIB$$6e00742b] is not eligible for getting processed by all BeanPostProcessors (for example: not eligible for auto-proxying)
2018-04-14 07:05:06.414  INFO 34858 --- [restartedMain] trationDelegate$BeanPostProcessorChecker : Bean 'hashedCredentialsMatcher' of type [org.apache.shiro.authc.credential.HashedCredentialsMatcher] is not eligible for getting processed by all BeanPostProcessors (for example: not eligible for auto-proxying)
2018-04-14 07:05:06.854  INFO 34858 --- [restartedMain] trationDelegate$BeanPostProcessorChecker : Bean 'mybatis-plus-com.baomidou.mybatisplus.spring.boot.starter.MybatisPlusProperties' of type [com.baomidou.mybatisplus.spring.boot.starter.MybatisPlusProperties] is not eligible for getting processed by all BeanPostProcessors (for example: not eligible for auto-proxying)
2018-04-14 07:05:06.886  INFO 34858 --- [restartedMain] trationDelegate$BeanPostProcessorChecker : Bean 'druidProperties' of type [com.manjushirwa.config.properties.DruidProperties] is not eligible for getting processed by all BeanPostProcessors (for example: not eligible for auto-proxying)
2018-04-14 07:05:06.895  INFO 34858 --- [restartedMain] trationDelegate$BeanPostProcessorChecker : Bean 'mutiDataSourceProperties' of type [com.manjushirwa.config.properties.MutiDataSourceProperties] is not eligible for getting processed by all BeanPostProcessors (for example: not eligible for auto-proxying)
2018-04-14 07:05:06.896  INFO 34858 --- [restartedMain] trationDelegate$BeanPostProcessorChecker : Bean 'mybatisPlusConfig' of type [com.manjushirwa.config.MybatisPlusConfig$$EnhancerBySpringCGLIB$$4e9a2d47] is not eligible for getting processed by all BeanPostProcessors (for example: not eligible for auto-proxying)
2018-04-14 07:05:06.912  INFO 34858 --- [restartedMain] trationDelegate$BeanPostProcessorChecker : Bean 'paginationInterceptor' of type [com.baomidou.mybatisplus.plugins.PaginationInterceptor] is not eligible for getting processed by all BeanPostProcessors (for example: not eligible for auto-proxying)
2018-04-14 07:05:06.929  INFO 34858 --- [restartedMain] trationDelegate$BeanPostProcessorChecker : Bean 'com.baomidou.mybatisplus.spring.boot.starter.MybatisPlusAutoConfiguration' of type [com.baomidou.mybatisplus.spring.boot.starter.MybatisPlusAutoConfiguration$$EnhancerBySpringCGLIB$$97e8d60e] is not eligible for getting processed by all BeanPostProcessors (for example: not eligible for auto-proxying)
2018-04-14 07:05:07.023  INFO 34858 --- [restartedMain] trationDelegate$BeanPostProcessorChecker : Bean 'singleDatasource' of type [com.alibaba.druid.pool.DruidDataSource] is not eligible for getting processed by all BeanPostProcessors (for example: not eligible for auto-proxying)
2018-04-14 07:05:07.035  INFO 34858 --- [restartedMain] trationDelegate$BeanPostProcessorChecker : Bean 'org.springframework.boot.autoconfigure.jdbc.DataSourceAutoConfiguration' of type [org.springframework.boot.autoconfigure.jdbc.DataSourceAutoConfiguration$$EnhancerBySpringCGLIB$$2c3cdb11] is not eligible for getting processed by all BeanPostProcessors (for example: not eligible for auto-proxying)
2018-04-14 07:05:07.064  INFO 34858 --- [restartedMain] trationDelegate$BeanPostProcessorChecker : Bean 'spring.datasource-org.springframework.boot.autoconfigure.jdbc.DataSourceProperties' of type [org.springframework.boot.autoconfigure.jdbc.DataSourceProperties] is not eligible for getting processed by all BeanPostProcessors (for example: not eligible for auto-proxying)
2018-04-14 07:05:07.084  INFO 34858 --- [restartedMain] trationDelegate$BeanPostProcessorChecker : Bean 'dataSourceInitializer' of type [org.springframework.boot.autoconfigure.jdbc.DataSourceInitializer] is not eligible for getting processed by all BeanPostProcessors (for example: not eligible for auto-proxying)
2018-04-14 07:05:08.919  INFO 34858 --- [restartedMain] com.alibaba.druid.pool.DruidDataSource   : {dataSource-1} inited
2018-04-14 07:05:09.239  INFO 34858 --- [restartedMain] trationDelegate$BeanPostProcessorChecker : Bean 'sqlSessionFactory' of type [org.apache.ibatis.session.defaults.DefaultSqlSessionFactory] is not eligible for getting processed by all BeanPostProcessors (for example: not eligible for auto-proxying)
2018-04-14 07:05:09.246  INFO 34858 --- [restartedMain] trationDelegate$BeanPostProcessorChecker : Bean 'sqlSessionTemplate' of type [org.mybatis.spring.SqlSessionTemplate] is not eligible for getting processed by all BeanPostProcessors (for example: not eligible for auto-proxying)
2018-04-14 07:05:09.247  INFO 34858 --- [restartedMain] trationDelegate$BeanPostProcessorChecker : Bean 'userMapper' of type [org.mybatis.spring.mapper.MapperFactoryBean] is not eligible for getting processed by all BeanPostProcessors (for example: not eligible for auto-proxying)
2018-04-14 07:05:09.249  INFO 34858 --- [restartedMain] trationDelegate$BeanPostProcessorChecker : Bean 'userMapper' of type [com.sun.proxy.$Proxy75] is not eligible for getting processed by all BeanPostProcessors (for example: not eligible for auto-proxying)
2018-04-14 07:05:09.250  INFO 34858 --- [restartedMain] trationDelegate$BeanPostProcessorChecker : Bean 'userServiceImpl' of type [com.manjushirwa.service.impl.UserServiceImpl] is not eligible for getting processed by all BeanPostProcessors (for example: not eligible for auto-proxying)
2018-04-14 07:05:09.251  INFO 34858 --- [restartedMain] trationDelegate$BeanPostProcessorChecker : Bean 'myShiroRealm' of type [com.manjushirwa.kits.shiro.MyShiroRealm] is not eligible for getting processed by all BeanPostProcessors (for example: not eligible for auto-proxying)
2018-04-14 07:05:09.258  INFO 34858 --- [restartedMain] trationDelegate$BeanPostProcessorChecker : Bean 'ehCacheManager' of type [org.apache.shiro.cache.ehcache.EhCacheManager] is not eligible for getting processed by all BeanPostProcessors (for example: not eligible for auto-proxying)
2018-04-14 07:05:09.348  INFO 34858 --- [restartedMain] o.a.shiro.cache.ehcache.EhCacheManager   : Cache with name 'com.manjushirwa.kits.shiro.MyShiroRealm.authorizationCache' does not yet exist.  Creating now.
2018-04-14 07:05:09.350  INFO 34858 --- [restartedMain] o.a.shiro.cache.ehcache.EhCacheManager   : Added EhCache named [com.manjushirwa.kits.shiro.MyShiroRealm.authorizationCache]
2018-04-14 07:05:09.357  INFO 34858 --- [restartedMain] trationDelegate$BeanPostProcessorChecker : Bean 'rememberMeCookie' of type [org.apache.shiro.web.servlet.SimpleCookie] is not eligible for getting processed by all BeanPostProcessors (for example: not eligible for auto-proxying)
2018-04-14 07:05:09.362  INFO 34858 --- [restartedMain] trationDelegate$BeanPostProcessorChecker : Bean 'rememberMeManager' of type [org.apache.shiro.web.mgt.CookieRememberMeManager] is not eligible for getting processed by all BeanPostProcessors (for example: not eligible for auto-proxying)
2018-04-14 07:05:09.375  INFO 34858 --- [restartedMain] trationDelegate$BeanPostProcessorChecker : Bean 'securityManager' of type [org.apache.shiro.web.mgt.DefaultWebSecurityManager] is not eligible for getting processed by all BeanPostProcessors (for example: not eligible for auto-proxying)
2018-04-14 07:05:09.387  INFO 34858 --- [restartedMain] trationDelegate$BeanPostProcessorChecker : Bean 'authorizationAttributeSourceAdvisor' of type [org.apache.shiro.spring.security.interceptor.AuthorizationAttributeSourceAdvisor] is not eligible for getting processed by all BeanPostProcessors (for example: not eligible for auto-proxying)
2018-04-14 07:05:09.935  INFO 34858 --- [restartedMain] s.b.c.e.t.TomcatEmbeddedServletContainer : Tomcat initialized with port(s): 8092 (http)
2018-04-14 07:05:09.950  INFO 34858 --- [restartedMain] o.apache.catalina.core.StandardService   : Starting service [Tomcat]
2018-04-14 07:05:09.951  INFO 34858 --- [restartedMain] org.apache.catalina.core.StandardEngine  : Starting Servlet Engine: Apache Tomcat/8.5.27
2018-04-14 07:05:10.057  INFO 34858 --- [localhost-startStop-1] o.a.c.c.C.[Tomcat].[localhost].[/]       : Initializing Spring embedded WebApplicationContext
2018-04-14 07:05:10.057  INFO 34858 --- [localhost-startStop-1] o.s.web.context.ContextLoader            : Root WebApplicationContext: initialization completed in 6642 ms
2018-04-14 07:05:10.326  INFO 34858 --- [localhost-startStop-1] o.s.b.w.servlet.ServletRegistrationBean  : Mapping servlet: 'dispatcherServlet' to [/]
2018-04-14 07:05:10.332  INFO 34858 --- [localhost-startStop-1] o.s.b.w.servlet.FilterRegistrationBean   : Mapping filter: 'characterEncodingFilter' to: [/*]
2018-04-14 07:05:10.333  INFO 34858 --- [localhost-startStop-1] o.s.b.w.servlet.FilterRegistrationBean   : Mapping filter: 'hiddenHttpMethodFilter' to: [/*]
2018-04-14 07:05:10.333  INFO 34858 --- [localhost-startStop-1] o.s.b.w.servlet.FilterRegistrationBean   : Mapping filter: 'httpPutFormContentFilter' to: [/*]
2018-04-14 07:05:10.333  INFO 34858 --- [localhost-startStop-1] o.s.b.w.servlet.FilterRegistrationBean   : Mapping filter: 'requestContextFilter' to: [/*]
2018-04-14 07:05:10.334  INFO 34858 --- [localhost-startStop-1] o.s.b.w.servlet.FilterRegistrationBean   : Mapping filter: 'shiroFilter' to: [/*]
2018-04-14 07:05:12.497  INFO 34858 --- [restartedMain] o.s.b.d.a.OptionalLiveReloadServer       : LiveReload server is running on port 35729
2018-04-14 07:05:12.565  INFO 34858 --- [restartedMain] o.s.j.e.a.AnnotationMBeanExporter        : Registering beans for JMX exposure on startup
2018-04-14 07:05:12.566  INFO 34858 --- [restartedMain] o.s.j.e.a.AnnotationMBeanExporter        : Bean with name 'singleDatasource' has been autodetected for JMX exposure
2018-04-14 07:05:12.573  INFO 34858 --- [restartedMain] o.s.j.e.a.AnnotationMBeanExporter        : Located MBean 'singleDatasource': registering with JMX server as MBean [com.alibaba.druid.pool:name=singleDatasource,type=DruidDataSource]
2018-04-14 07:05:12.633  INFO 34858 --- [restartedMain] s.b.c.e.t.TomcatEmbeddedServletContainer : Tomcat started on port(s): 8092 (http)
2018-04-14 07:05:12.639  INFO 34858 --- [restartedMain] com.manjushirwa.AdminWebApplication      : Started AdminWebApplication in 10.583 seconds (JVM running for 11.562)
2018-04-14 07:06:11.983  INFO 34858 --- [http-nio-8092-exec-1] o.apache.tomcat.util.http.parser.Cookie  : A cookie header was received [1522836706; JSESSIONID=BEAA765DD3B94EAFD64C3674DA48F2CD; Webstorm-53877abd=e101061c-4a60-4e05-acd5-19b8e043f9a6] that contained an invalid cookie. That cookie will be ignored.Note: further occurrences of this error will be logged at DEBUG level.
2018-04-14 07:06:11.997  INFO 34858 --- [http-nio-8092-exec-1] o.a.c.c.C.[Tomcat].[localhost].[/]       : Initializing Spring FrameworkServlet 'dispatcherServlet'
2018-04-14 07:06:19.729  INFO 34858 --- [http-nio-8092-exec-3] com.manjushirwa.kits.shiro.LoginFilter   : loginFilter.executeLogin
2018-04-14 07:06:19.729  INFO 34858 --- [http-nio-8092-exec-3] com.manjushirwa.kits.shiro.MyShiroRealm  : MyShiroRealm.doGetAuthenticationInfo()
